{"/app/backend/src/app.ts": {"path":"/app/backend/src/app.ts","statementMap":{"0":{"start":{"line":7,"column":0},"end":{"line":7,"column":16}},"1":{"start":{"line":1,"column":0},"end":{"line":1,"column":47}},"2":{"start":{"line":2,"column":0},"end":{"line":2,"column":71}},"3":{"start":{"line":3,"column":0},"end":{"line":3,"column":67}},"4":{"start":{"line":4,"column":0},"end":{"line":4,"column":63}},"5":{"start":{"line":5,"column":0},"end":{"line":5,"column":33}},"6":{"start":{"line":8,"column":14},"end":{"line":8,"column":23}},"7":{"start":{"line":10,"column":2},"end":{"line":10,"column":42}},"8":{"start":{"line":11,"column":2},"end":{"line":11,"column":31}},"9":{"start":{"line":12,"column":2},"end":{"line":12,"column":29}},"10":{"start":{"line":15,"column":2},"end":{"line":15,"column":29}},"11":{"start":{"line":18,"column":2},"end":{"line":25,"column":5}},"12":{"start":{"line":19,"column":4},"end":{"line":24,"column":7}},"13":{"start":{"line":27,"column":2},"end":{"line":27,"column":27}},"14":{"start":{"line":29,"column":2},"end":{"line":29,"column":13}}},"fnMap":{"0":{"name":"createApp","decl":{"start":{"line":7,"column":16},"end":{"line":7,"column":25}},"loc":{"start":{"line":7,"column":25},"end":{"line":30,"column":1}}},"1":{"name":"(anonymous_2)","decl":{"start":{"line":18,"column":10},"end":{"line":18,"column":11}},"loc":{"start":{"line":18,"column":23},"end":{"line":25,"column":3}}}},"branchMap":{},"s":{"0":4,"1":4,"2":4,"3":4,"4":4,"5":4,"6":4,"7":4,"8":4,"9":4,"10":4,"11":4,"12":0,"13":4,"14":4},"f":{"0":4,"1":0},"b":{}}
,"/app/backend/src/controllers/batch.controller.ts": {"path":"/app/backend/src/controllers/batch.controller.ts","statementMap":{"0":{"start":{"line":2,"column":0},"end":{"line":2,"column":62}},"1":{"start":{"line":5,"column":31},"end":{"line":5,"column":46}},"2":{"start":{"line":7,"column":12},"end":{"line":14,"column":3}},"3":{"start":{"line":8,"column":4},"end":{"line":13,"column":5}},"4":{"start":{"line":9,"column":20},"end":{"line":9,"column":72}},"5":{"start":{"line":10,"column":6},"end":{"line":10,"column":44}},"6":{"start":{"line":12,"column":6},"end":{"line":12,"column":16}},"7":{"start":{"line":4,"column":0},"end":{"line":4,"column":13}}},"fnMap":{"0":{"name":"(anonymous_0)","decl":{"start":{"line":5,"column":2},"end":{"line":5,"column":31}},"loc":{"start":{"line":5,"column":67},"end":{"line":5,"column":71}}},"1":{"name":"(anonymous_1)","decl":{"start":{"line":7,"column":12},"end":{"line":7,"column":17}},"loc":{"start":{"line":7,"column":85},"end":{"line":14,"column":3}}}},"branchMap":{"0":{"loc":{"start":{"line":5,"column":31},"end":{"line":5,"column":67}},"type":"default-arg","locations":[{"start":{"line":5,"column":46},"end":{"line":5,"column":67}}]}},"s":{"0":4,"1":4,"2":4,"3":5,"4":5,"5":4,"6":1,"7":4},"f":{"0":4,"1":5},"b":{"0":[4]}}
,"/app/backend/src/controllers/order.controller.ts": {"path":"/app/backend/src/controllers/order.controller.ts","statementMap":{"0":{"start":{"line":2,"column":0},"end":{"line":2,"column":56}},"1":{"start":{"line":3,"column":0},"end":{"line":3,"column":62}},"2":{"start":{"line":4,"column":0},"end":{"line":4,"column":70}},"3":{"start":{"line":5,"column":0},"end":{"line":5,"column":62}},"4":{"start":{"line":6,"column":0},"end":{"line":6,"column":null}},"5":{"start":{"line":20,"column":21},"end":{"line":20,"column":36}},"6":{"start":{"line":21,"column":21},"end":{"line":21,"column":39}},"7":{"start":{"line":22,"column":21},"end":{"line":22,"column":43}},"8":{"start":{"line":23,"column":21},"end":{"line":23,"column":36}},"9":{"start":{"line":26,"column":11},"end":{"line":39,"column":3}},"10":{"start":{"line":27,"column":4},"end":{"line":38,"column":5}},"11":{"start":{"line":28,"column":21},"end":{"line":28,"column":54}},"12":{"start":{"line":29,"column":37},"end":{"line":31,"column":8}},"13":{"start":{"line":32,"column":6},"end":{"line":35,"column":9}},"14":{"start":{"line":37,"column":6},"end":{"line":37,"column":16}},"15":{"start":{"line":41,"column":12},"end":{"line":48,"column":3}},"16":{"start":{"line":42,"column":4},"end":{"line":47,"column":5}},"17":{"start":{"line":43,"column":20},"end":{"line":43,"column":71}},"18":{"start":{"line":44,"column":6},"end":{"line":44,"column":44}},"19":{"start":{"line":46,"column":6},"end":{"line":46,"column":16}},"20":{"start":{"line":50,"column":10},"end":{"line":66,"column":3}},"21":{"start":{"line":51,"column":4},"end":{"line":65,"column":5}},"22":{"start":{"line":52,"column":21},"end":{"line":54,"column":8}},"23":{"start":{"line":55,"column":6},"end":{"line":62,"column":9}},"24":{"start":{"line":64,"column":6},"end":{"line":64,"column":16}},"25":{"start":{"line":68,"column":11},"end":{"line":80,"column":3}},"26":{"start":{"line":69,"column":4},"end":{"line":79,"column":5}},"27":{"start":{"line":70,"column":21},"end":{"line":70,"column":60}},"28":{"start":{"line":71,"column":42},"end":{"line":74,"column":null}},"29":{"start":{"line":76,"column":6},"end":{"line":76,"column":62}},"30":{"start":{"line":78,"column":6},"end":{"line":78,"column":16}},"31":{"start":{"line":82,"column":15},"end":{"line":98,"column":3}},"32":{"start":{"line":83,"column":4},"end":{"line":97,"column":5}},"33":{"start":{"line":84,"column":21},"end":{"line":84,"column":53}},"34":{"start":{"line":85,"column":24},"end":{"line":87,"column":8}},"35":{"start":{"line":88,"column":6},"end":{"line":94,"column":9}},"36":{"start":{"line":96,"column":6},"end":{"line":96,"column":16}},"37":{"start":{"line":18,"column":0},"end":{"line":18,"column":13}}},"fnMap":{"0":{"name":"(anonymous_0)","decl":{"start":{"line":19,"column":2},"end":{"line":19,"column":null}},"loc":{"start":{"line":23,"column":57},"end":{"line":24,"column":6}}},"1":{"name":"(anonymous_1)","decl":{"start":{"line":26,"column":11},"end":{"line":26,"column":16}},"loc":{"start":{"line":26,"column":84},"end":{"line":39,"column":3}}},"2":{"name":"(anonymous_2)","decl":{"start":{"line":41,"column":12},"end":{"line":41,"column":17}},"loc":{"start":{"line":41,"column":85},"end":{"line":48,"column":3}}},"3":{"name":"(anonymous_3)","decl":{"start":{"line":50,"column":10},"end":{"line":50,"column":15}},"loc":{"start":{"line":50,"column":83},"end":{"line":66,"column":3}}},"4":{"name":"(anonymous_4)","decl":{"start":{"line":68,"column":11},"end":{"line":68,"column":16}},"loc":{"start":{"line":68,"column":84},"end":{"line":80,"column":3}}},"5":{"name":"(anonymous_5)","decl":{"start":{"line":82,"column":15},"end":{"line":82,"column":20}},"loc":{"start":{"line":82,"column":88},"end":{"line":98,"column":3}}}},"branchMap":{"0":{"loc":{"start":{"line":20,"column":21},"end":{"line":20,"column":54}},"type":"default-arg","locations":[{"start":{"line":20,"column":36},"end":{"line":20,"column":54}}]},"1":{"loc":{"start":{"line":21,"column":21},"end":{"line":21,"column":60}},"type":"default-arg","locations":[{"start":{"line":21,"column":39},"end":{"line":21,"column":60}}]},"2":{"loc":{"start":{"line":22,"column":21},"end":{"line":22,"column":68}},"type":"default-arg","locations":[{"start":{"line":22,"column":43},"end":{"line":22,"column":68}}]},"3":{"loc":{"start":{"line":23,"column":21},"end":{"line":23,"column":57}},"type":"default-arg","locations":[{"start":{"line":23,"column":36},"end":{"line":23,"column":57}}]},"4":{"loc":{"start":{"line":32,"column":17},"end":{"line":32,"column":40}},"type":"cond-expr","locations":[{"start":{"line":32,"column":31},"end":{"line":32,"column":34}},{"start":{"line":32,"column":37},"end":{"line":32,"column":40}}]},"5":{"loc":{"start":{"line":58,"column":25},"end":{"line":58,"column":68}},"type":"binary-expr","locations":[{"start":{"line":58,"column":25},"end":{"line":58,"column":45}},{"start":{"line":58,"column":49},"end":{"line":58,"column":68}}]},"6":{"loc":{"start":{"line":70,"column":45},"end":{"line":70,"column":59}},"type":"binary-expr","locations":[{"start":{"line":70,"column":45},"end":{"line":70,"column":53}},{"start":{"line":70,"column":57},"end":{"line":70,"column":59}}]}},"s":{"0":4,"1":4,"2":4,"3":4,"4":4,"5":4,"6":4,"7":4,"8":4,"9":4,"10":12,"11":12,"12":11,"13":10,"14":2,"15":4,"16":3,"17":3,"18":2,"19":1,"20":4,"21":4,"22":4,"23":3,"24":1,"25":4,"26":5,"27":5,"28":5,"29":3,"30":2,"31":4,"32":4,"33":4,"34":4,"35":2,"36":2,"37":4},"f":{"0":4,"1":12,"2":3,"3":4,"4":5,"5":4},"b":{"0":[4],"1":[4],"2":[4],"3":[4],"4":[1,9],"5":[3,0],"6":[5,0]}}
,"/app/backend/src/couriers/adapters/BaseCourierAdapter.ts": {"path":"/app/backend/src/couriers/adapters/BaseCourierAdapter.ts","statementMap":{"0":{"start":{"line":3,"column":0},"end":{"line":3,"column":46}},"1":{"start":{"line":4,"column":0},"end":{"line":4,"column":39}},"2":{"start":{"line":5,"column":0},"end":{"line":5,"column":45}},"3":{"start":{"line":6,"column":0},"end":{"line":6,"column":77}},"4":{"start":{"line":20,"column":39},"end":{"line":20,"column":43}},"5":{"start":{"line":23,"column":4},"end":{"line":23,"column":21}},"6":{"start":{"line":35,"column":4},"end":{"line":35,"column":67}},"7":{"start":{"line":35,"column":43},"end":{"line":35,"column":67}},"8":{"start":{"line":36,"column":18},"end":{"line":36,"column":43}},"9":{"start":{"line":37,"column":4},"end":{"line":37,"column":29}},"10":{"start":{"line":38,"column":4},"end":{"line":38,"column":17}},"11":{"start":{"line":57,"column":20},"end":{"line":60,"column":5}},"12":{"start":{"line":58,"column":20},"end":{"line":58,"column":57}},"13":{"start":{"line":59,"column":6},"end":{"line":59,"column":23}},"14":{"start":{"line":64,"column":4},"end":{"line":109,"column":5}},"15":{"start":{"line":65,"column":6},"end":{"line":93,"column":8}},"16":{"start":{"line":67,"column":22},"end":{"line":67,"column":42}},"17":{"start":{"line":69,"column":10},"end":{"line":75,"column":11}},"18":{"start":{"line":70,"column":24},"end":{"line":70,"column":null}},"19":{"start":{"line":73,"column":12},"end":{"line":73,"column":66}},"20":{"start":{"line":74,"column":12},"end":{"line":74,"column":22}},"21":{"start":{"line":76,"column":10},"end":{"line":76,"column":21}},"22":{"start":{"line":83,"column":32},"end":{"line":83,"column":58}},"23":{"start":{"line":85,"column":12},"end":{"line":91,"column":14}},"24":{"start":{"line":96,"column":16},"end":{"line":96,"column":73}},"25":{"start":{"line":97,"column":6},"end":{"line":104,"column":7}},"26":{"start":{"line":98,"column":8},"end":{"line":103,"column":10}},"27":{"start":{"line":105,"column":6},"end":{"line":108,"column":8}},"28":{"start":{"line":112,"column":4},"end":{"line":129,"column":5}},"29":{"start":{"line":113,"column":6},"end":{"line":116,"column":9}},"30":{"start":{"line":117,"column":6},"end":{"line":117,"column":30}},"31":{"start":{"line":118,"column":6},"end":{"line":125,"column":7}},"32":{"start":{"line":119,"column":8},"end":{"line":119,"column":39}},"33":{"start":{"line":121,"column":8},"end":{"line":124,"column":10}},"34":{"start":{"line":126,"column":6},"end":{"line":128,"column":7}},"35":{"start":{"line":127,"column":8},"end":{"line":127,"column":93}},"36":{"start":{"line":131,"column":4},"end":{"line":131,"column":20}},"37":{"start":{"line":137,"column":14},"end":{"line":137,"column":70}},"38":{"start":{"line":138,"column":4},"end":{"line":138,"column":69}},"39":{"start":{"line":138,"column":57},"end":{"line":138,"column":69}},"40":{"start":{"line":139,"column":4},"end":{"line":139,"column":24}},"41":{"start":{"line":143,"column":4},"end":{"line":143,"column":63}},"42":{"start":{"line":143,"column":47},"end":{"line":143,"column":63}},"43":{"start":{"line":144,"column":4},"end":{"line":146,"column":5}},"44":{"start":{"line":145,"column":6},"end":{"line":145,"column":86}},"45":{"start":{"line":147,"column":4},"end":{"line":152,"column":6}},"46":{"start":{"line":157,"column":4},"end":{"line":157,"column":28}},"47":{"start":{"line":16,"column":0},"end":{"line":16,"column":22}}},"fnMap":{"0":{"name":"(anonymous_0)","decl":{"start":{"line":22,"column":2},"end":{"line":22,"column":14}},"loc":{"start":{"line":22,"column":30},"end":{"line":24,"column":3}}},"1":{"name":"(anonymous_1)","decl":{"start":{"line":34,"column":12},"end":{"line":34,"column":17}},"loc":{"start":{"line":34,"column":51},"end":{"line":39,"column":3}}},"2":{"name":"(anonymous_2)","decl":{"start":{"line":53,"column":12},"end":{"line":53,"column":17}},"loc":{"start":{"line":55,"column":52},"end":{"line":132,"column":3}}},"3":{"name":"(anonymous_3)","decl":{"start":{"line":57,"column":20},"end":{"line":57,"column":25}},"loc":{"start":{"line":57,"column":79},"end":{"line":60,"column":5}}},"4":{"name":"(anonymous_4)","decl":{"start":{"line":66,"column":8},"end":{"line":66,"column":13}},"loc":{"start":{"line":66,"column":19},"end":{"line":77,"column":9}}},"5":{"name":"(anonymous_5)","decl":{"start":{"line":83,"column":23},"end":{"line":83,"column":24}},"loc":{"start":{"line":83,"column":32},"end":{"line":83,"column":58}}},"6":{"name":"(anonymous_6)","decl":{"start":{"line":84,"column":19},"end":{"line":84,"column":20}},"loc":{"start":{"line":85,"column":12},"end":{"line":91,"column":14}}},"7":{"name":"(anonymous_7)","decl":{"start":{"line":134,"column":12},"end":{"line":134,"column":28}},"loc":{"start":{"line":134,"column":41},"end":{"line":140,"column":3}}},"8":{"name":"(anonymous_8)","decl":{"start":{"line":142,"column":12},"end":{"line":142,"column":20}},"loc":{"start":{"line":142,"column":64},"end":{"line":153,"column":3}}},"9":{"name":"(anonymous_9)","decl":{"start":{"line":156,"column":9},"end":{"line":156,"column":24}},"loc":{"start":{"line":156,"column":24},"end":{"line":158,"column":3}}}},"branchMap":{"0":{"loc":{"start":{"line":34,"column":31},"end":{"line":34,"column":51}},"type":"default-arg","locations":[{"start":{"line":34,"column":46},"end":{"line":34,"column":51}}]},"1":{"loc":{"start":{"line":35,"column":4},"end":{"line":35,"column":67}},"type":"if","locations":[{"start":{"line":35,"column":4},"end":{"line":35,"column":67}}]},"2":{"loc":{"start":{"line":35,"column":8},"end":{"line":35,"column":41}},"type":"binary-expr","locations":[{"start":{"line":35,"column":8},"end":{"line":35,"column":24}},{"start":{"line":35,"column":28},"end":{"line":35,"column":41}}]},"3":{"loc":{"start":{"line":69,"column":10},"end":{"line":75,"column":11}},"type":"if","locations":[{"start":{"line":69,"column":10},"end":{"line":75,"column":11}}]},"4":{"loc":{"start":{"line":97,"column":6},"end":{"line":104,"column":7}},"type":"if","locations":[{"start":{"line":97,"column":6},"end":{"line":104,"column":7}}]},"5":{"loc":{"start":{"line":97,"column":10},"end":{"line":97,"column":57}},"type":"binary-expr","locations":[{"start":{"line":97,"column":10},"end":{"line":97,"column":29}},{"start":{"line":97,"column":33},"end":{"line":97,"column":57}}]},"6":{"loc":{"start":{"line":112,"column":4},"end":{"line":129,"column":5}},"type":"if","locations":[{"start":{"line":112,"column":4},"end":{"line":129,"column":5}}]},"7":{"loc":{"start":{"line":126,"column":6},"end":{"line":128,"column":7}},"type":"if","locations":[{"start":{"line":126,"column":6},"end":{"line":128,"column":7}}]},"8":{"loc":{"start":{"line":138,"column":4},"end":{"line":138,"column":69}},"type":"if","locations":[{"start":{"line":138,"column":4},"end":{"line":138,"column":69}}]},"9":{"loc":{"start":{"line":138,"column":8},"end":{"line":138,"column":55}},"type":"binary-expr","locations":[{"start":{"line":138,"column":8},"end":{"line":138,"column":27}},{"start":{"line":138,"column":31},"end":{"line":138,"column":55}}]},"10":{"loc":{"start":{"line":143,"column":4},"end":{"line":143,"column":63}},"type":"if","locations":[{"start":{"line":143,"column":4},"end":{"line":143,"column":63}}]},"11":{"loc":{"start":{"line":143,"column":8},"end":{"line":143,"column":45}},"type":"binary-expr","locations":[{"start":{"line":143,"column":8},"end":{"line":143,"column":25}},{"start":{"line":143,"column":29},"end":{"line":143,"column":45}}]},"12":{"loc":{"start":{"line":144,"column":4},"end":{"line":146,"column":5}},"type":"if","locations":[{"start":{"line":144,"column":4},"end":{"line":146,"column":5}}]}},"s":{"0":8,"1":8,"2":8,"3":8,"4":30,"5":30,"6":81,"7":54,"8":27,"9":27,"10":27,"11":35,"12":81,"13":81,"14":35,"15":35,"16":79,"17":16,"18":2,"19":2,"20":2,"21":14,"22":65,"23":44,"24":21,"25":21,"26":0,"27":21,"28":14,"29":2,"30":2,"31":2,"32":2,"33":0,"34":2,"35":1,"36":13,"37":65,"38":65,"39":2,"40":63,"41":11,"42":10,"43":1,"44":0,"45":1,"46":8,"47":8},"f":{"0":30,"1":81,"2":35,"3":81,"4":79,"5":65,"6":44,"7":65,"8":11,"9":8},"b":{"0":[0],"1":[54],"2":[81,54],"3":[2],"4":[0],"5":[21,0],"6":[2],"7":[1],"8":[2],"9":[65,2],"10":[10],"11":[11,11],"12":[0]}}
,"/app/backend/src/couriers/adapters/MockCourierAdapter.ts": {"path":"/app/backend/src/couriers/adapters/MockCourierAdapter.ts","statementMap":{"0":{"start":{"line":1,"column":0},"end":{"line":1,"column":48}},"1":{"start":{"line":2,"column":0},"end":{"line":2,"column":48}},"2":{"start":{"line":3,"column":0},"end":{"line":3,"column":52}},"3":{"start":{"line":4,"column":0},"end":{"line":4,"column":58}},"4":{"start":{"line":13,"column":0},"end":{"line":13,"column":60}},"5":{"start":{"line":14,"column":0},"end":{"line":14,"column":39}},"6":{"start":{"line":15,"column":0},"end":{"line":15,"column":56}},"7":{"start":{"line":28,"column":32},"end":{"line":28,"column":45}},"8":{"start":{"line":31,"column":4},"end":{"line":37,"column":6}},"9":{"start":{"line":42,"column":4},"end":{"line":42,"column":36}},"10":{"start":{"line":46,"column":4},"end":{"line":75,"column":5}},"11":{"start":{"line":47,"column":18},"end":{"line":52,"column":null}},"12":{"start":{"line":52,"column":8},"end":{"line":52,"column":91}},"13":{"start":{"line":55,"column":6},"end":{"line":62,"column":7}},"14":{"start":{"line":56,"column":8},"end":{"line":61,"column":10}},"15":{"start":{"line":63,"column":6},"end":{"line":70,"column":7}},"16":{"start":{"line":64,"column":8},"end":{"line":69,"column":10}},"17":{"start":{"line":74,"column":6},"end":{"line":74,"column":88}},"18":{"start":{"line":74,"column":78},"end":{"line":74,"column":88}},"19":{"start":{"line":78,"column":4},"end":{"line":78,"column":43}},"20":{"start":{"line":82,"column":4},"end":{"line":115,"column":5}},"21":{"start":{"line":83,"column":18},"end":{"line":89,"column":null}},"22":{"start":{"line":87,"column":8},"end":{"line":89,"column":10}},"23":{"start":{"line":92,"column":6},"end":{"line":104,"column":7}},"24":{"start":{"line":93,"column":40},"end":{"line":98,"column":11}},"25":{"start":{"line":93,"column":76},"end":{"line":98,"column":10}},"26":{"start":{"line":99,"column":8},"end":{"line":103,"column":10}},"27":{"start":{"line":105,"column":6},"end":{"line":112,"column":7}},"28":{"start":{"line":106,"column":8},"end":{"line":111,"column":10}},"29":{"start":{"line":114,"column":6},"end":{"line":114,"column":88}},"30":{"start":{"line":114,"column":78},"end":{"line":114,"column":88}},"31":{"start":{"line":117,"column":4},"end":{"line":117,"column":51}},"32":{"start":{"line":121,"column":4},"end":{"line":147,"column":5}},"33":{"start":{"line":122,"column":18},"end":{"line":127,"column":null}},"34":{"start":{"line":123,"column":8},"end":{"line":126,"column":null}},"35":{"start":{"line":130,"column":6},"end":{"line":136,"column":7}},"36":{"start":{"line":131,"column":8},"end":{"line":135,"column":10}},"37":{"start":{"line":137,"column":6},"end":{"line":144,"column":7}},"38":{"start":{"line":138,"column":8},"end":{"line":143,"column":10}},"39":{"start":{"line":146,"column":6},"end":{"line":146,"column":88}},"40":{"start":{"line":146,"column":78},"end":{"line":146,"column":88}},"41":{"start":{"line":149,"column":4},"end":{"line":153,"column":6}},"42":{"start":{"line":159,"column":17},"end":{"line":159,"column":98}},"43":{"start":{"line":160,"column":4},"end":{"line":165,"column":6}},"44":{"start":{"line":169,"column":16},"end":{"line":169,"column":26}},"45":{"start":{"line":170,"column":36},"end":{"line":189,"column":6}},"46":{"start":{"line":190,"column":4},"end":{"line":194,"column":6}},"47":{"start":{"line":27,"column":0},"end":{"line":27,"column":13}}},"fnMap":{"0":{"name":"(anonymous_0)","decl":{"start":{"line":30,"column":2},"end":{"line":30,"column":14}},"loc":{"start":{"line":30,"column":31},"end":{"line":38,"column":3}}},"1":{"name":"(anonymous_1)","decl":{"start":{"line":40,"column":12},"end":{"line":40,"column":17}},"loc":{"start":{"line":40,"column":30},"end":{"line":43,"column":3}}},"2":{"name":"(anonymous_2)","decl":{"start":{"line":45,"column":2},"end":{"line":45,"column":7}},"loc":{"start":{"line":45,"column":49},"end":{"line":79,"column":3}}},"3":{"name":"(anonymous_3)","decl":{"start":{"line":51,"column":27},"end":{"line":51,"column":28}},"loc":{"start":{"line":52,"column":8},"end":{"line":52,"column":91}}},"4":{"name":"(anonymous_4)","decl":{"start":{"line":81,"column":2},"end":{"line":81,"column":7}},"loc":{"start":{"line":81,"column":70},"end":{"line":118,"column":3}}},"5":{"name":"(anonymous_5)","decl":{"start":{"line":86,"column":26},"end":{"line":86,"column":27}},"loc":{"start":{"line":87,"column":8},"end":{"line":89,"column":10}}},"6":{"name":"(anonymous_6)","decl":{"start":{"line":93,"column":68},"end":{"line":93,"column":69}},"loc":{"start":{"line":93,"column":76},"end":{"line":98,"column":10}}},"7":{"name":"(anonymous_7)","decl":{"start":{"line":120,"column":2},"end":{"line":120,"column":7}},"loc":{"start":{"line":120,"column":49},"end":{"line":154,"column":3}}},"8":{"name":"(anonymous_8)","decl":{"start":{"line":122,"column":85},"end":{"line":122,"column":86}},"loc":{"start":{"line":123,"column":8},"end":{"line":126,"column":null}}},"9":{"name":"(anonymous_9)","decl":{"start":{"line":158,"column":10},"end":{"line":158,"column":29}},"loc":{"start":{"line":158,"column":56},"end":{"line":166,"column":3}}},"10":{"name":"(anonymous_10)","decl":{"start":{"line":168,"column":10},"end":{"line":168,"column":28}},"loc":{"start":{"line":168,"column":51},"end":{"line":195,"column":3}}}},"branchMap":{"0":{"loc":{"start":{"line":32,"column":6},"end":{"line":36,"column":10}},"type":"binary-expr","locations":[{"start":{"line":32,"column":6},"end":{"line":32,"column":10}},{"start":{"line":33,"column":8},"end":{"line":36,"column":10}}]},"1":{"loc":{"start":{"line":55,"column":6},"end":{"line":62,"column":7}},"type":"if","locations":[{"start":{"line":55,"column":6},"end":{"line":62,"column":7}}]},"2":{"loc":{"start":{"line":55,"column":10},"end":{"line":55,"column":59}},"type":"binary-expr","locations":[{"start":{"line":55,"column":10},"end":{"line":55,"column":27}},{"start":{"line":55,"column":31},"end":{"line":55,"column":47}},{"start":{"line":55,"column":51},"end":{"line":55,"column":59}}]},"3":{"loc":{"start":{"line":63,"column":6},"end":{"line":70,"column":7}},"type":"if","locations":[{"start":{"line":63,"column":6},"end":{"line":70,"column":7}}]},"4":{"loc":{"start":{"line":63,"column":10},"end":{"line":63,"column":49}},"type":"binary-expr","locations":[{"start":{"line":63,"column":10},"end":{"line":63,"column":27}},{"start":{"line":63,"column":31},"end":{"line":63,"column":49}}]},"5":{"loc":{"start":{"line":74,"column":6},"end":{"line":74,"column":88}},"type":"if","locations":[{"start":{"line":74,"column":6},"end":{"line":74,"column":88}}]},"6":{"loc":{"start":{"line":74,"column":10},"end":{"line":74,"column":76}},"type":"binary-expr","locations":[{"start":{"line":74,"column":10},"end":{"line":74,"column":40}},{"start":{"line":74,"column":44},"end":{"line":74,"column":76}}]},"7":{"loc":{"start":{"line":92,"column":6},"end":{"line":104,"column":7}},"type":"if","locations":[{"start":{"line":92,"column":6},"end":{"line":104,"column":7}}]},"8":{"loc":{"start":{"line":92,"column":10},"end":{"line":92,"column":59}},"type":"binary-expr","locations":[{"start":{"line":92,"column":10},"end":{"line":92,"column":27}},{"start":{"line":92,"column":31},"end":{"line":92,"column":47}},{"start":{"line":92,"column":51},"end":{"line":92,"column":59}}]},"9":{"loc":{"start":{"line":93,"column":41},"end":{"line":93,"column":62}},"type":"binary-expr","locations":[{"start":{"line":93,"column":41},"end":{"line":93,"column":56}},{"start":{"line":93,"column":60},"end":{"line":93,"column":62}}]},"10":{"loc":{"start":{"line":95,"column":23},"end":{"line":95,"column":44}},"type":"binary-expr","locations":[{"start":{"line":95,"column":23},"end":{"line":95,"column":36}},{"start":{"line":95,"column":40},"end":{"line":95,"column":44}}]},"11":{"loc":{"start":{"line":96,"column":20},"end":{"line":96,"column":38}},"type":"binary-expr","locations":[{"start":{"line":96,"column":20},"end":{"line":96,"column":30}},{"start":{"line":96,"column":34},"end":{"line":96,"column":38}}]},"12":{"loc":{"start":{"line":105,"column":6},"end":{"line":112,"column":7}},"type":"if","locations":[{"start":{"line":105,"column":6},"end":{"line":112,"column":7}}]},"13":{"loc":{"start":{"line":105,"column":10},"end":{"line":105,"column":49}},"type":"binary-expr","locations":[{"start":{"line":105,"column":10},"end":{"line":105,"column":27}},{"start":{"line":105,"column":31},"end":{"line":105,"column":49}}]},"14":{"loc":{"start":{"line":114,"column":6},"end":{"line":114,"column":88}},"type":"if","locations":[{"start":{"line":114,"column":6},"end":{"line":114,"column":88}}]},"15":{"loc":{"start":{"line":114,"column":10},"end":{"line":114,"column":76}},"type":"binary-expr","locations":[{"start":{"line":114,"column":10},"end":{"line":114,"column":40}},{"start":{"line":114,"column":44},"end":{"line":114,"column":76}}]},"16":{"loc":{"start":{"line":125,"column":20},"end":{"line":125,"column":52}},"type":"binary-expr","locations":[{"start":{"line":125,"column":20},"end":{"line":125,"column":32}},{"start":{"line":125,"column":36},"end":{"line":125,"column":52}}]},"17":{"loc":{"start":{"line":130,"column":6},"end":{"line":136,"column":7}},"type":"if","locations":[{"start":{"line":130,"column":6},"end":{"line":136,"column":7}}]},"18":{"loc":{"start":{"line":130,"column":10},"end":{"line":130,"column":59}},"type":"binary-expr","locations":[{"start":{"line":130,"column":10},"end":{"line":130,"column":27}},{"start":{"line":130,"column":31},"end":{"line":130,"column":47}},{"start":{"line":130,"column":51},"end":{"line":130,"column":59}}]},"19":{"loc":{"start":{"line":137,"column":6},"end":{"line":144,"column":7}},"type":"if","locations":[{"start":{"line":137,"column":6},"end":{"line":144,"column":7}}]},"20":{"loc":{"start":{"line":137,"column":10},"end":{"line":137,"column":49}},"type":"binary-expr","locations":[{"start":{"line":137,"column":10},"end":{"line":137,"column":27}},{"start":{"line":137,"column":31},"end":{"line":137,"column":49}}]},"21":{"loc":{"start":{"line":146,"column":6},"end":{"line":146,"column":88}},"type":"if","locations":[{"start":{"line":146,"column":6},"end":{"line":146,"column":88}}]},"22":{"loc":{"start":{"line":146,"column":10},"end":{"line":146,"column":76}},"type":"binary-expr","locations":[{"start":{"line":146,"column":10},"end":{"line":146,"column":40}},{"start":{"line":146,"column":44},"end":{"line":146,"column":76}}]}},"s":{"0":7,"1":7,"2":7,"3":7,"4":7,"5":7,"6":7,"7":19,"8":19,"9":15,"10":17,"11":17,"12":47,"13":2,"14":1,"15":1,"16":1,"17":16,"18":1,"19":15,"20":3,"21":3,"22":9,"23":0,"24":0,"25":0,"26":0,"27":0,"28":0,"29":3,"30":0,"31":3,"32":3,"33":3,"34":9,"35":0,"36":0,"37":0,"38":0,"39":3,"40":0,"41":3,"42":15,"43":15,"44":3,"45":3,"46":3,"47":7},"f":{"0":19,"1":15,"2":17,"3":47,"4":3,"5":9,"6":0,"7":3,"8":9,"9":15,"10":3},"b":{"0":[19,19],"1":[1],"2":[2,2,1],"3":[1],"4":[1,1],"5":[1],"6":[16,16],"7":[0],"8":[0,0,0],"9":[0,0],"10":[0,0],"11":[0,0],"12":[0],"13":[0,0],"14":[0],"15":[3,3],"16":[9,6],"17":[0],"18":[0,0,0],"19":[0],"20":[0,0],"21":[0],"22":[3,3]}}
,"/app/backend/src/couriers/adapters/UrbaneboltAdapter.ts": {"path":"/app/backend/src/couriers/adapters/UrbaneboltAdapter.ts","statementMap":{"0":{"start":{"line":2,"column":0},"end":{"line":2,"column":52}},"1":{"start":{"line":3,"column":0},"end":{"line":3,"column":58}},"2":{"start":{"line":4,"column":0},"end":{"line":4,"column":39}},"3":{"start":{"line":5,"column":0},"end":{"line":5,"column":77}},"4":{"start":{"line":6,"column":0},"end":{"line":6,"column":72}},"5":{"start":{"line":75,"column":32},"end":{"line":75,"column":44}},"6":{"start":{"line":78,"column":4},"end":{"line":83,"column":6}},"7":{"start":{"line":87,"column":4},"end":{"line":92,"column":5}},"8":{"start":{"line":88,"column":6},"end":{"line":91,"column":8}},"9":{"start":{"line":93,"column":16},"end":{"line":98,"column":null}},"10":{"start":{"line":101,"column":4},"end":{"line":106,"column":5}},"11":{"start":{"line":102,"column":6},"end":{"line":105,"column":8}},"12":{"start":{"line":108,"column":17},"end":{"line":108,"column":31}},"13":{"start":{"line":110,"column":6},"end":{"line":113,"column":29}},"14":{"start":{"line":115,"column":4},"end":{"line":117,"column":5}},"15":{"start":{"line":116,"column":6},"end":{"line":116,"column":85}},"16":{"start":{"line":118,"column":4},"end":{"line":118,"column":17}},"17":{"start":{"line":122,"column":20},"end":{"line":122,"column":52}},"18":{"start":{"line":123,"column":16},"end":{"line":128,"column":null}},"19":{"start":{"line":126,"column":8},"end":{"line":128,"column":10}},"20":{"start":{"line":131,"column":17},"end":{"line":131,"column":53}},"21":{"start":{"line":132,"column":18},"end":{"line":132,"column":35}},"22":{"start":{"line":133,"column":16},"end":{"line":133,"column":45}},"23":{"start":{"line":134,"column":27},"end":{"line":134,"column":74}},"24":{"start":{"line":136,"column":4},"end":{"line":143,"column":5}},"25":{"start":{"line":137,"column":6},"end":{"line":142,"column":8}},"26":{"start":{"line":145,"column":4},"end":{"line":150,"column":6}},"27":{"start":{"line":154,"column":16},"end":{"line":157,"column":null}},"28":{"start":{"line":155,"column":6},"end":{"line":157,"column":8}},"29":{"start":{"line":160,"column":17},"end":{"line":160,"column":52}},"30":{"start":{"line":161,"column":18},"end":{"line":161,"column":35}},"31":{"start":{"line":162,"column":36},"end":{"line":168,"column":7}},"32":{"start":{"line":162,"column":69},"end":{"line":168,"column":6}},"33":{"start":{"line":170,"column":26},"end":{"line":170,"column":62}},"34":{"start":{"line":172,"column":6},"end":{"line":174,"column":44}},"35":{"start":{"line":176,"column":4},"end":{"line":180,"column":6}},"36":{"start":{"line":184,"column":16},"end":{"line":193,"column":null}},"37":{"start":{"line":185,"column":6},"end":{"line":192,"column":null}},"38":{"start":{"line":196,"column":17},"end":{"line":196,"column":53}},"39":{"start":{"line":198,"column":6},"end":{"line":200,"column":61}},"40":{"start":{"line":202,"column":4},"end":{"line":206,"column":6}},"41":{"start":{"line":210,"column":4},"end":{"line":247,"column":6}},"42":{"start":{"line":74,"column":0},"end":{"line":74,"column":13}}},"fnMap":{"0":{"name":"(anonymous_0)","decl":{"start":{"line":77,"column":2},"end":{"line":77,"column":14}},"loc":{"start":{"line":77,"column":31},"end":{"line":84,"column":3}}},"1":{"name":"(anonymous_1)","decl":{"start":{"line":86,"column":12},"end":{"line":86,"column":17}},"loc":{"start":{"line":86,"column":30},"end":{"line":119,"column":3}}},"2":{"name":"(anonymous_2)","decl":{"start":{"line":121,"column":2},"end":{"line":121,"column":7}},"loc":{"start":{"line":121,"column":49},"end":{"line":151,"column":3}}},"3":{"name":"(anonymous_3)","decl":{"start":{"line":125,"column":6},"end":{"line":125,"column":7}},"loc":{"start":{"line":126,"column":8},"end":{"line":128,"column":10}}},"4":{"name":"(anonymous_4)","decl":{"start":{"line":153,"column":2},"end":{"line":153,"column":7}},"loc":{"start":{"line":153,"column":70},"end":{"line":181,"column":3}}},"5":{"name":"(anonymous_5)","decl":{"start":{"line":154,"column":83},"end":{"line":154,"column":84}},"loc":{"start":{"line":155,"column":6},"end":{"line":157,"column":8}}},"6":{"name":"(anonymous_6)","decl":{"start":{"line":162,"column":61},"end":{"line":162,"column":62}},"loc":{"start":{"line":162,"column":69},"end":{"line":168,"column":6}}},"7":{"name":"(anonymous_7)","decl":{"start":{"line":183,"column":2},"end":{"line":183,"column":7}},"loc":{"start":{"line":183,"column":49},"end":{"line":207,"column":3}}},"8":{"name":"(anonymous_8)","decl":{"start":{"line":184,"column":85},"end":{"line":184,"column":86}},"loc":{"start":{"line":185,"column":6},"end":{"line":192,"column":null}}},"9":{"name":"(anonymous_9)","decl":{"start":{"line":209,"column":10},"end":{"line":209,"column":30}},"loc":{"start":{"line":209,"column":57},"end":{"line":248,"column":3}}}},"branchMap":{"0":{"loc":{"start":{"line":79,"column":6},"end":{"line":82,"column":10}},"type":"binary-expr","locations":[{"start":{"line":79,"column":6},"end":{"line":79,"column":10}},{"start":{"line":80,"column":8},"end":{"line":82,"column":10}}]},"1":{"loc":{"start":{"line":87,"column":4},"end":{"line":92,"column":5}},"type":"if","locations":[{"start":{"line":87,"column":4},"end":{"line":92,"column":5}}]},"2":{"loc":{"start":{"line":87,"column":8},"end":{"line":87,"column":60}},"type":"binary-expr","locations":[{"start":{"line":87,"column":8},"end":{"line":87,"column":32}},{"start":{"line":87,"column":36},"end":{"line":87,"column":60}}]},"3":{"loc":{"start":{"line":101,"column":4},"end":{"line":106,"column":5}},"type":"if","locations":[{"start":{"line":101,"column":4},"end":{"line":106,"column":5}}]},"4":{"loc":{"start":{"line":101,"column":8},"end":{"line":101,"column":45}},"type":"binary-expr","locations":[{"start":{"line":101,"column":8},"end":{"line":101,"column":24}},{"start":{"line":101,"column":28},"end":{"line":101,"column":45}}]},"5":{"loc":{"start":{"line":108,"column":17},"end":{"line":108,"column":31}},"type":"binary-expr","locations":[{"start":{"line":108,"column":17},"end":{"line":108,"column":25}},{"start":{"line":108,"column":29},"end":{"line":108,"column":31}}]},"6":{"loc":{"start":{"line":110,"column":6},"end":{"line":113,"column":29}},"type":"binary-expr","locations":[{"start":{"line":110,"column":6},"end":{"line":110,"column":16}},{"start":{"line":111,"column":6},"end":{"line":111,"column":23}},{"start":{"line":112,"column":6},"end":{"line":112,"column":22}},{"start":{"line":113,"column":6},"end":{"line":113,"column":29}}]},"7":{"loc":{"start":{"line":115,"column":4},"end":{"line":117,"column":5}},"type":"if","locations":[{"start":{"line":115,"column":4},"end":{"line":117,"column":5}}]},"8":{"loc":{"start":{"line":132,"column":18},"end":{"line":132,"column":35}},"type":"binary-expr","locations":[{"start":{"line":132,"column":18},"end":{"line":132,"column":27}},{"start":{"line":132,"column":31},"end":{"line":132,"column":35}}]},"9":{"loc":{"start":{"line":133,"column":16},"end":{"line":133,"column":45}},"type":"binary-expr","locations":[{"start":{"line":133,"column":16},"end":{"line":133,"column":25}},{"start":{"line":133,"column":29},"end":{"line":133,"column":45}}]},"10":{"loc":{"start":{"line":134,"column":27},"end":{"line":134,"column":74}},"type":"binary-expr","locations":[{"start":{"line":134,"column":27},"end":{"line":134,"column":49}},{"start":{"line":134,"column":53},"end":{"line":134,"column":67}},{"start":{"line":134,"column":71},"end":{"line":134,"column":74}}]},"11":{"loc":{"start":{"line":136,"column":4},"end":{"line":143,"column":5}},"type":"if","locations":[{"start":{"line":136,"column":4},"end":{"line":143,"column":5}}]},"12":{"loc":{"start":{"line":136,"column":8},"end":{"line":136,"column":31}},"type":"binary-expr","locations":[{"start":{"line":136,"column":8},"end":{"line":136,"column":12}},{"start":{"line":136,"column":16},"end":{"line":136,"column":31}}]},"13":{"loc":{"start":{"line":161,"column":18},"end":{"line":161,"column":35}},"type":"binary-expr","locations":[{"start":{"line":161,"column":18},"end":{"line":161,"column":27}},{"start":{"line":161,"column":31},"end":{"line":161,"column":35}}]},"14":{"loc":{"start":{"line":162,"column":37},"end":{"line":162,"column":55}},"type":"binary-expr","locations":[{"start":{"line":162,"column":37},"end":{"line":162,"column":49}},{"start":{"line":162,"column":53},"end":{"line":162,"column":55}}]},"15":{"loc":{"start":{"line":164,"column":19},"end":{"line":164,"column":64}},"type":"binary-expr","locations":[{"start":{"line":164,"column":19},"end":{"line":164,"column":39}},{"start":{"line":164,"column":43},"end":{"line":164,"column":56}},{"start":{"line":164,"column":60},"end":{"line":164,"column":64}}]},"16":{"loc":{"start":{"line":165,"column":16},"end":{"line":165,"column":34}},"type":"binary-expr","locations":[{"start":{"line":165,"column":16},"end":{"line":165,"column":26}},{"start":{"line":165,"column":30},"end":{"line":165,"column":34}}]},"17":{"loc":{"start":{"line":166,"column":26},"end":{"line":166,"column":67}},"type":"binary-expr","locations":[{"start":{"line":166,"column":26},"end":{"line":166,"column":38}},{"start":{"line":166,"column":42},"end":{"line":166,"column":53}},{"start":{"line":166,"column":57},"end":{"line":166,"column":67}}]},"18":{"loc":{"start":{"line":170,"column":26},"end":{"line":170,"column":62}},"type":"binary-expr","locations":[{"start":{"line":170,"column":26},"end":{"line":170,"column":46}},{"start":{"line":170,"column":50},"end":{"line":170,"column":62}}]},"19":{"loc":{"start":{"line":172,"column":6},"end":{"line":174,"column":44}},"type":"cond-expr","locations":[{"start":{"line":173,"column":10},"end":{"line":173,"column":42}},{"start":{"line":174,"column":10},"end":{"line":174,"column":44}}]},"20":{"loc":{"start":{"line":172,"column":6},"end":{"line":172,"column":41}},"type":"binary-expr","locations":[{"start":{"line":172,"column":6},"end":{"line":172,"column":23}},{"start":{"line":172,"column":27},"end":{"line":172,"column":41}}]},"21":{"loc":{"start":{"line":188,"column":15},"end":{"line":188,"column":59}},"type":"binary-expr","locations":[{"start":{"line":188,"column":15},"end":{"line":188,"column":35}},{"start":{"line":188,"column":39},"end":{"line":188,"column":59}}]},"22":{"loc":{"start":{"line":190,"column":18},"end":{"line":190,"column":52}},"type":"binary-expr","locations":[{"start":{"line":190,"column":18},"end":{"line":190,"column":30}},{"start":{"line":190,"column":34},"end":{"line":190,"column":52}}]},"23":{"loc":{"start":{"line":198,"column":6},"end":{"line":200,"column":61}},"type":"binary-expr","locations":[{"start":{"line":198,"column":6},"end":{"line":198,"column":29}},{"start":{"line":199,"column":6},"end":{"line":199,"column":59}},{"start":{"line":200,"column":6},"end":{"line":200,"column":61}}]},"24":{"loc":{"start":{"line":199,"column":13},"end":{"line":199,"column":30}},"type":"binary-expr","locations":[{"start":{"line":199,"column":13},"end":{"line":199,"column":24}},{"start":{"line":199,"column":28},"end":{"line":199,"column":30}}]},"25":{"loc":{"start":{"line":200,"column":13},"end":{"line":200,"column":30}},"type":"binary-expr","locations":[{"start":{"line":200,"column":13},"end":{"line":200,"column":24}},{"start":{"line":200,"column":28},"end":{"line":200,"column":30}}]},"26":{"loc":{"start":{"line":212,"column":20},"end":{"line":212,"column":50}},"type":"binary-expr","locations":[{"start":{"line":212,"column":20},"end":{"line":212,"column":37}},{"start":{"line":212,"column":41},"end":{"line":212,"column":50}}]},"27":{"loc":{"start":{"line":214,"column":18},"end":{"line":214,"column":46}},"type":"binary-expr","locations":[{"start":{"line":214,"column":18},"end":{"line":214,"column":41}},{"start":{"line":214,"column":45},"end":{"line":214,"column":46}}]},"28":{"loc":{"start":{"line":243,"column":18},"end":{"line":243,"column":49}},"type":"binary-expr","locations":[{"start":{"line":243,"column":18},"end":{"line":243,"column":40}},{"start":{"line":243,"column":44},"end":{"line":243,"column":49}}]},"29":{"loc":{"start":{"line":246,"column":16},"end":{"line":246,"column":36}},"type":"binary-expr","locations":[{"start":{"line":246,"column":16},"end":{"line":246,"column":30}},{"start":{"line":246,"column":34},"end":{"line":246,"column":36}}]}},"s":{"0":7,"1":7,"2":7,"3":7,"4":7,"5":11,"6":11,"7":12,"8":0,"9":12,"10":12,"11":0,"12":12,"13":12,"14":12,"15":0,"16":12,"17":8,"18":8,"19":12,"20":7,"21":6,"22":6,"23":6,"24":6,"25":0,"26":6,"27":3,"28":3,"29":3,"30":3,"31":3,"32":6,"33":3,"34":3,"35":3,"36":1,"37":1,"38":1,"39":1,"40":1,"41":8,"42":7},"f":{"0":11,"1":12,"2":8,"3":12,"4":3,"5":3,"6":6,"7":1,"8":1,"9":8},"b":{"0":[11,11],"1":[0],"2":[12,12],"3":[0],"4":[12,12],"5":[12,0],"6":[12,0,0,0],"7":[0],"8":[6,0],"9":[6,0],"10":[6,0,0],"11":[0],"12":[6,6],"13":[3,0],"14":[3,0],"15":[6,6,5],"16":[6,5],"17":[6,0,0],"18":[3,0],"19":[0,3],"20":[3,2],"21":[1,0],"22":[1,1],"23":[1,1,0],"24":[1,0],"25":[0,0],"26":[8,8],"27":[8,8],"28":[8,8],"29":[8,8]}}
,"/app/backend/src/couriers/factory/CourierFactory.ts": {"path":"/app/backend/src/couriers/factory/CourierFactory.ts","statementMap":{"0":{"start":{"line":2,"column":0},"end":{"line":2,"column":64}},"1":{"start":{"line":3,"column":0},"end":{"line":3,"column":66}},"2":{"start":{"line":4,"column":0},"end":{"line":4,"column":68}},"3":{"start":{"line":19,"column":54},"end":{"line":19,"column":63}},"4":{"start":{"line":20,"column":59},"end":{"line":20,"column":68}},"5":{"start":{"line":24,"column":4},"end":{"line":24,"column":45}},"6":{"start":{"line":29,"column":16},"end":{"line":29,"column":31}},"7":{"start":{"line":30,"column":19},"end":{"line":30,"column":42}},"8":{"start":{"line":31,"column":4},"end":{"line":31,"column":30}},"9":{"start":{"line":31,"column":16},"end":{"line":31,"column":30}},"10":{"start":{"line":33,"column":17},"end":{"line":33,"column":39}},"11":{"start":{"line":34,"column":4},"end":{"line":34,"column":55}},"12":{"start":{"line":34,"column":15},"end":{"line":34,"column":55}},"13":{"start":{"line":36,"column":21},"end":{"line":36,"column":31}},"14":{"start":{"line":37,"column":4},"end":{"line":37,"column":38}},"15":{"start":{"line":38,"column":4},"end":{"line":38,"column":20}},"16":{"start":{"line":43,"column":4},"end":{"line":43,"column":44}},"17":{"start":{"line":48,"column":4},"end":{"line":48,"column":27}},"18":{"start":{"line":53,"column":4},"end":{"line":53,"column":26}},"19":{"start":{"line":54,"column":4},"end":{"line":54,"column":27}},"20":{"start":{"line":55,"column":4},"end":{"line":55,"column":23}},"21":{"start":{"line":59,"column":4},"end":{"line":59,"column":37}},"22":{"start":{"line":18,"column":0},"end":{"line":18,"column":13}},"23":{"start":{"line":65,"column":2},"end":{"line":65,"column":59}},"24":{"start":{"line":66,"column":2},"end":{"line":66,"column":61}},"25":{"start":{"line":69,"column":0},"end":{"line":69,"column":19}}},"fnMap":{"0":{"name":"(anonymous_0)","decl":{"start":{"line":23,"column":2},"end":{"line":23,"column":8}},"loc":{"start":{"line":23,"column":49},"end":{"line":25,"column":3}}},"1":{"name":"(anonymous_1)","decl":{"start":{"line":28,"column":2},"end":{"line":28,"column":8}},"loc":{"start":{"line":28,"column":28},"end":{"line":39,"column":3}}},"2":{"name":"(anonymous_2)","decl":{"start":{"line":42,"column":2},"end":{"line":42,"column":8}},"loc":{"start":{"line":42,"column":13},"end":{"line":44,"column":3}}},"3":{"name":"(anonymous_3)","decl":{"start":{"line":47,"column":2},"end":{"line":47,"column":8}},"loc":{"start":{"line":47,"column":23},"end":{"line":49,"column":3}}},"4":{"name":"(anonymous_4)","decl":{"start":{"line":52,"column":2},"end":{"line":52,"column":8}},"loc":{"start":{"line":52,"column":18},"end":{"line":56,"column":3}}},"5":{"name":"(anonymous_5)","decl":{"start":{"line":58,"column":10},"end":{"line":58,"column":16}},"loc":{"start":{"line":58,"column":34},"end":{"line":60,"column":3}}},"6":{"name":"registerBuiltIns","decl":{"start":{"line":64,"column":9},"end":{"line":64,"column":25}},"loc":{"start":{"line":64,"column":25},"end":{"line":67,"column":1}}}},"branchMap":{"0":{"loc":{"start":{"line":31,"column":4},"end":{"line":31,"column":30}},"type":"if","locations":[{"start":{"line":31,"column":4},"end":{"line":31,"column":30}}]},"1":{"loc":{"start":{"line":34,"column":4},"end":{"line":34,"column":55}},"type":"if","locations":[{"start":{"line":34,"column":4},"end":{"line":34,"column":55}}]}},"s":{"0":6,"1":6,"2":6,"3":6,"4":6,"5":25,"6":27,"7":27,"8":27,"9":9,"10":18,"11":18,"12":1,"13":17,"14":17,"15":17,"16":1,"17":20,"18":6,"19":6,"20":6,"21":52,"22":6,"23":12,"24":12,"25":6},"f":{"0":25,"1":27,"2":1,"3":20,"4":6,"5":52,"6":12},"b":{"0":[9],"1":[1]}}
,"/app/backend/src/couriers/statusMaps/mockStatusMap.ts": {"path":"/app/backend/src/couriers/statusMaps/mockStatusMap.ts","statementMap":{"0":{"start":{"line":12,"column":0},"end":{"line":12,"column":16}},"1":{"start":{"line":1,"column":0},"end":{"line":1,"column":48}},"2":{"start":{"line":3,"column":49},"end":{"line":10,"column":2}},"3":{"start":{"line":13,"column":2},"end":{"line":13,"column":45}},"4":{"start":{"line":13,"column":15},"end":{"line":13,"column":45}},"5":{"start":{"line":14,"column":16},"end":{"line":14,"column":44}},"6":{"start":{"line":15,"column":2},"end":{"line":15,"column":54}}},"fnMap":{"0":{"name":"mapMockStatus","decl":{"start":{"line":12,"column":16},"end":{"line":12,"column":29}},"loc":{"start":{"line":12,"column":63},"end":{"line":16,"column":1}}}},"branchMap":{"0":{"loc":{"start":{"line":13,"column":2},"end":{"line":13,"column":45}},"type":"if","locations":[{"start":{"line":13,"column":2},"end":{"line":13,"column":45}}]},"1":{"loc":{"start":{"line":15,"column":9},"end":{"line":15,"column":53}},"type":"binary-expr","locations":[{"start":{"line":15,"column":9},"end":{"line":15,"column":24}},{"start":{"line":15,"column":28},"end":{"line":15,"column":53}}]}},"s":{"0":8,"1":8,"2":8,"3":3,"4":0,"5":3,"6":3},"f":{"0":3},"b":{"0":[0],"1":[3,0]}}
,"/app/backend/src/couriers/statusMaps/urbaneboltStatusMap.ts": {"path":"/app/backend/src/couriers/statusMaps/urbaneboltStatusMap.ts","statementMap":{"0":{"start":{"line":26,"column":0},"end":{"line":26,"column":16}},"1":{"start":{"line":1,"column":0},"end":{"line":1,"column":48}},"2":{"start":{"line":7,"column":55},"end":{"line":24,"column":2}},"3":{"start":{"line":27,"column":2},"end":{"line":27,"column":48}},"4":{"start":{"line":27,"column":15},"end":{"line":27,"column":48}},"5":{"start":{"line":28,"column":16},"end":{"line":28,"column":65}},"6":{"start":{"line":29,"column":2},"end":{"line":29,"column":60}}},"fnMap":{"0":{"name":"mapUrbaneboltStatus","decl":{"start":{"line":26,"column":16},"end":{"line":26,"column":35}},"loc":{"start":{"line":26,"column":69},"end":{"line":30,"column":1}}}},"branchMap":{"0":{"loc":{"start":{"line":27,"column":2},"end":{"line":27,"column":48}},"type":"if","locations":[{"start":{"line":27,"column":2},"end":{"line":27,"column":48}}]},"1":{"loc":{"start":{"line":29,"column":9},"end":{"line":29,"column":59}},"type":"binary-expr","locations":[{"start":{"line":29,"column":9},"end":{"line":29,"column":30}},{"start":{"line":29,"column":34},"end":{"line":29,"column":59}}]}},"s":{"0":8,"1":8,"2":8,"3":21,"4":1,"5":20,"6":20},"f":{"0":21},"b":{"0":[1],"1":[20,1]}}
,"/app/backend/src/errors/AppError.ts": {"path":"/app/backend/src/errors/AppError.ts","statementMap":{"0":{"start":{"line":17,"column":4},"end":{"line":17,"column":19}},"1":{"start":{"line":18,"column":4},"end":{"line":18,"column":38}},"2":{"start":{"line":19,"column":4},"end":{"line":19,"column":33}},"3":{"start":{"line":20,"column":4},"end":{"line":20,"column":21}},"4":{"start":{"line":21,"column":4},"end":{"line":21,"column":27}},"5":{"start":{"line":22,"column":4},"end":{"line":22,"column":39}},"6":{"start":{"line":23,"column":4},"end":{"line":23,"column":54}},"7":{"start":{"line":27,"column":4},"end":{"line":33,"column":6}},"8":{"start":{"line":4,"column":0},"end":{"line":4,"column":13}},"9":{"start":{"line":39,"column":4},"end":{"line":39,"column":53}},"10":{"start":{"line":37,"column":0},"end":{"line":37,"column":13}},"11":{"start":{"line":45,"column":4},"end":{"line":49,"column":6}},"12":{"start":{"line":43,"column":0},"end":{"line":43,"column":13}},"13":{"start":{"line":55,"column":4},"end":{"line":55,"column":45}},"14":{"start":{"line":53,"column":0},"end":{"line":53,"column":13}},"15":{"start":{"line":70,"column":4},"end":{"line":75,"column":6}},"16":{"start":{"line":76,"column":4},"end":{"line":76,"column":41}},"17":{"start":{"line":77,"column":4},"end":{"line":77,"column":41}},"18":{"start":{"line":78,"column":4},"end":{"line":78,"column":37}},"19":{"start":{"line":59,"column":0},"end":{"line":59,"column":13}},"20":{"start":{"line":86,"column":4},"end":{"line":88,"column":7}},"21":{"start":{"line":89,"column":4},"end":{"line":89,"column":41}},"22":{"start":{"line":82,"column":0},"end":{"line":82,"column":13}},"23":{"start":{"line":95,"column":4},"end":{"line":100,"column":6}},"24":{"start":{"line":93,"column":0},"end":{"line":93,"column":13}},"25":{"start":{"line":106,"column":4},"end":{"line":106,"column":50}},"26":{"start":{"line":104,"column":0},"end":{"line":104,"column":13}}},"fnMap":{"0":{"name":"(anonymous_0)","decl":{"start":{"line":10,"column":2},"end":{"line":10,"column":null}},"loc":{"start":{"line":15,"column":24},"end":{"line":24,"column":3}}},"1":{"name":"(anonymous_1)","decl":{"start":{"line":26,"column":2},"end":{"line":26,"column":8}},"loc":{"start":{"line":26,"column":8},"end":{"line":34,"column":3}}},"2":{"name":"(anonymous_2)","decl":{"start":{"line":38,"column":2},"end":{"line":38,"column":14}},"loc":{"start":{"line":38,"column":62},"end":{"line":40,"column":3}}},"3":{"name":"(anonymous_3)","decl":{"start":{"line":44,"column":2},"end":{"line":44,"column":14}},"loc":{"start":{"line":44,"column":52},"end":{"line":50,"column":3}}},"4":{"name":"(anonymous_4)","decl":{"start":{"line":54,"column":2},"end":{"line":54,"column":14}},"loc":{"start":{"line":54,"column":62},"end":{"line":56,"column":3}}},"5":{"name":"(anonymous_5)","decl":{"start":{"line":64,"column":2},"end":{"line":64,"column":null}},"loc":{"start":{"line":68,"column":26},"end":{"line":79,"column":3}}},"6":{"name":"(anonymous_6)","decl":{"start":{"line":85,"column":2},"end":{"line":85,"column":14}},"loc":{"start":{"line":85,"column":79},"end":{"line":90,"column":3}}},"7":{"name":"(anonymous_7)","decl":{"start":{"line":94,"column":2},"end":{"line":94,"column":14}},"loc":{"start":{"line":94,"column":33},"end":{"line":101,"column":3}}},"8":{"name":"(anonymous_8)","decl":{"start":{"line":105,"column":2},"end":{"line":105,"column":14}},"loc":{"start":{"line":105,"column":48},"end":{"line":107,"column":3}}}},"branchMap":{"0":{"loc":{"start":{"line":12,"column":4},"end":{"line":12,"column":20}},"type":"default-arg","locations":[{"start":{"line":12,"column":17},"end":{"line":12,"column":20}}]},"1":{"loc":{"start":{"line":13,"column":4},"end":{"line":13,"column":27}},"type":"default-arg","locations":[{"start":{"line":13,"column":11},"end":{"line":13,"column":27}}]},"2":{"loc":{"start":{"line":15,"column":4},"end":{"line":15,"column":24}},"type":"default-arg","locations":[{"start":{"line":15,"column":20},"end":{"line":15,"column":24}}]},"3":{"loc":{"start":{"line":38,"column":14},"end":{"line":38,"column":43}},"type":"default-arg","locations":[{"start":{"line":38,"column":24},"end":{"line":38,"column":43}}]},"4":{"loc":{"start":{"line":46,"column":20},"end":{"line":46,"column":62}},"type":"cond-expr","locations":[{"start":{"line":46,"column":39},"end":{"line":46,"column":57}},{"start":{"line":46,"column":60},"end":{"line":46,"column":62}}]},"5":{"loc":{"start":{"line":54,"column":14},"end":{"line":54,"column":43}},"type":"default-arg","locations":[{"start":{"line":54,"column":24},"end":{"line":54,"column":43}}]},"6":{"loc":{"start":{"line":85,"column":38},"end":{"line":85,"column":79}},"type":"default-arg","locations":[{"start":{"line":85,"column":48},"end":{"line":85,"column":79}}]}},"s":{"0":45,"1":45,"2":45,"3":45,"4":45,"5":45,"6":45,"7":10,"8":9,"9":4,"10":9,"11":5,"12":9,"13":1,"14":9,"15":24,"16":24,"17":24,"18":24,"19":9,"20":2,"21":2,"22":9,"23":6,"24":9,"25":2,"26":9},"f":{"0":45,"1":10,"2":4,"3":5,"4":1,"5":24,"6":2,"7":6,"8":2},"b":{"0":[0],"1":[0],"2":[45],"3":[0],"4":[5,0],"5":[1],"6":[1]}}
,"/app/backend/src/middleware/errorMiddleware.ts": {"path":"/app/backend/src/middleware/errorMiddleware.ts","statementMap":{"0":{"start":{"line":7,"column":0},"end":{"line":7,"column":16}},"1":{"start":{"line":2,"column":0},"end":{"line":2,"column":31}},"2":{"start":{"line":3,"column":0},"end":{"line":3,"column":63}},"3":{"start":{"line":4,"column":0},"end":{"line":4,"column":42}},"4":{"start":{"line":14,"column":2},"end":{"line":23,"column":3}},"5":{"start":{"line":15,"column":23},"end":{"line":15,"column":86}},"6":{"start":{"line":16,"column":4},"end":{"line":20,"column":7}},"7":{"start":{"line":21,"column":4},"end":{"line":21,"column":64}},"8":{"start":{"line":22,"column":4},"end":{"line":22,"column":11}},"9":{"start":{"line":25,"column":2},"end":{"line":44,"column":3}},"10":{"start":{"line":26,"column":4},"end":{"line":41,"column":5}},"11":{"start":{"line":27,"column":6},"end":{"line":33,"column":9}},"12":{"start":{"line":35,"column":6},"end":{"line":40,"column":9}},"13":{"start":{"line":42,"column":4},"end":{"line":42,"column":50}},"14":{"start":{"line":43,"column":4},"end":{"line":43,"column":11}},"15":{"start":{"line":46,"column":2},"end":{"line":51,"column":5}},"16":{"start":{"line":53,"column":2},"end":{"line":58,"column":5}}},"fnMap":{"0":{"name":"errorMiddleware","decl":{"start":{"line":7,"column":16},"end":{"line":7,"column":31}},"loc":{"start":{"line":11,"column":21},"end":{"line":59,"column":1}}}},"branchMap":{"0":{"loc":{"start":{"line":14,"column":2},"end":{"line":23,"column":3}},"type":"if","locations":[{"start":{"line":14,"column":2},"end":{"line":23,"column":3}}]},"1":{"loc":{"start":{"line":25,"column":2},"end":{"line":44,"column":3}},"type":"if","locations":[{"start":{"line":25,"column":2},"end":{"line":44,"column":3}}]},"2":{"loc":{"start":{"line":26,"column":4},"end":{"line":41,"column":5}},"type":"if","locations":[{"start":{"line":26,"column":4},"end":{"line":41,"column":5}},{"start":{"line":34,"column":11},"end":{"line":41,"column":5}}]}},"s":{"0":4,"1":4,"2":4,"3":4,"4":9,"5":1,"6":1,"7":1,"8":1,"9":8,"10":8,"11":0,"12":8,"13":8,"14":8,"15":0,"16":0},"f":{"0":9},"b":{"0":[1],"1":[8],"2":[0,8]}}
,"/app/backend/src/middleware/loggingMiddleware.ts": {"path":"/app/backend/src/middleware/loggingMiddleware.ts","statementMap":{"0":{"start":{"line":4,"column":0},"end":{"line":4,"column":16}},"1":{"start":{"line":2,"column":0},"end":{"line":2,"column":42}},"2":{"start":{"line":5,"column":16},"end":{"line":5,"column":26}},"3":{"start":{"line":7,"column":2},"end":{"line":24,"column":5}},"4":{"start":{"line":8,"column":21},"end":{"line":8,"column":39}},"5":{"start":{"line":9,"column":17},"end":{"line":15,"column":6}},"6":{"start":{"line":17,"column":4},"end":{"line":23,"column":5}},"7":{"start":{"line":18,"column":6},"end":{"line":18,"column":41}},"8":{"start":{"line":19,"column":11},"end":{"line":23,"column":5}},"9":{"start":{"line":20,"column":6},"end":{"line":20,"column":40}},"10":{"start":{"line":22,"column":6},"end":{"line":22,"column":40}},"11":{"start":{"line":26,"column":2},"end":{"line":26,"column":9}}},"fnMap":{"0":{"name":"loggingMiddleware","decl":{"start":{"line":4,"column":16},"end":{"line":4,"column":33}},"loc":{"start":{"line":4,"column":81},"end":{"line":27,"column":1}}},"1":{"name":"(anonymous_1)","decl":{"start":{"line":7,"column":19},"end":{"line":7,"column":22}},"loc":{"start":{"line":7,"column":24},"end":{"line":24,"column":3}}}},"branchMap":{"0":{"loc":{"start":{"line":17,"column":4},"end":{"line":23,"column":5}},"type":"if","locations":[{"start":{"line":17,"column":4},"end":{"line":23,"column":5}},{"start":{"line":19,"column":11},"end":{"line":23,"column":5}}]},"1":{"loc":{"start":{"line":19,"column":11},"end":{"line":23,"column":5}},"type":"if","locations":[{"start":{"line":19,"column":11},"end":{"line":23,"column":5}},{"start":{"line":21,"column":11},"end":{"line":23,"column":5}}]}},"s":{"0":4,"1":4,"2":33,"3":33,"4":33,"5":33,"6":33,"7":0,"8":33,"9":9,"10":24,"11":33},"f":{"0":33,"1":33},"b":{"0":[0,33],"1":[9,24]}}
,"/app/backend/src/middleware/requestIdMiddleware.ts": {"path":"/app/backend/src/middleware/requestIdMiddleware.ts","statementMap":{"0":{"start":{"line":10,"column":0},"end":{"line":10,"column":16}},"1":{"start":{"line":2,"column":0},"end":{"line":2,"column":36}},"2":{"start":{"line":11,"column":19},"end":{"line":11,"column":45}},"3":{"start":{"line":12,"column":20},"end":{"line":12,"column":84}},"4":{"start":{"line":13,"column":2},"end":{"line":13,"column":28}},"5":{"start":{"line":14,"column":2},"end":{"line":14,"column":43}},"6":{"start":{"line":15,"column":2},"end":{"line":15,"column":9}}},"fnMap":{"0":{"name":"requestIdMiddleware","decl":{"start":{"line":10,"column":16},"end":{"line":10,"column":35}},"loc":{"start":{"line":10,"column":83},"end":{"line":16,"column":1}}}},"branchMap":{"0":{"loc":{"start":{"line":12,"column":20},"end":{"line":12,"column":84}},"type":"cond-expr","locations":[{"start":{"line":12,"column":61},"end":{"line":12,"column":69}},{"start":{"line":12,"column":72},"end":{"line":12,"column":84}}]},"1":{"loc":{"start":{"line":12,"column":20},"end":{"line":12,"column":58}},"type":"binary-expr","locations":[{"start":{"line":12,"column":20},"end":{"line":12,"column":28}},{"start":{"line":12,"column":32},"end":{"line":12,"column":58}}]}},"s":{"0":4,"1":4,"2":33,"3":33,"4":33,"5":33,"6":33},"f":{"0":33},"b":{"0":[0,33],"1":[33,0]}}
,"/app/backend/src/queue/bulkQueue.ts": {"path":"/app/backend/src/queue/bulkQueue.ts","statementMap":{"0":{"start":{"line":15,"column":0},"end":{"line":15,"column":16}},"1":{"start":{"line":26,"column":0},"end":{"line":26,"column":16}},"2":{"start":{"line":40,"column":0},"end":{"line":40,"column":7}},"3":{"start":{"line":1,"column":0},"end":{"line":1,"column":63}},"4":{"start":{"line":2,"column":0},"end":{"line":2,"column":36}},"5":{"start":{"line":11,"column":13},"end":{"line":11,"column":48}},"6":{"start":{"line":13,"column":13},"end":{"line":13,"column":54}},"7":{"start":{"line":16,"column":2},"end":{"line":21,"column":4}},"8":{"start":{"line":24,"column":26},"end":{"line":24,"column":30}},"9":{"start":{"line":27,"column":2},"end":{"line":27,"column":26}},"10":{"start":{"line":27,"column":13},"end":{"line":27,"column":26}},"11":{"start":{"line":28,"column":2},"end":{"line":36,"column":5}},"12":{"start":{"line":37,"column":2},"end":{"line":37,"column":15}},"13":{"start":{"line":41,"column":2},"end":{"line":44,"column":3}},"14":{"start":{"line":42,"column":4},"end":{"line":42,"column":24}},"15":{"start":{"line":43,"column":4},"end":{"line":43,"column":17}}},"fnMap":{"0":{"name":"getBulkConnectionOptions","decl":{"start":{"line":15,"column":16},"end":{"line":15,"column":40}},"loc":{"start":{"line":15,"column":40},"end":{"line":22,"column":1}}},"1":{"name":"getBulkQueue","decl":{"start":{"line":26,"column":16},"end":{"line":26,"column":28}},"loc":{"start":{"line":26,"column":28},"end":{"line":38,"column":1}}},"2":{"name":"closeBulkQueue","decl":{"start":{"line":40,"column":22},"end":{"line":40,"column":36}},"loc":{"start":{"line":40,"column":36},"end":{"line":45,"column":1}}}},"branchMap":{"0":{"loc":{"start":{"line":19,"column":14},"end":{"line":19,"column":45}},"type":"binary-expr","locations":[{"start":{"line":19,"column":14},"end":{"line":19,"column":32}},{"start":{"line":19,"column":36},"end":{"line":19,"column":45}}]},"1":{"loc":{"start":{"line":27,"column":2},"end":{"line":27,"column":26}},"type":"if","locations":[{"start":{"line":27,"column":2},"end":{"line":27,"column":26}}]},"2":{"loc":{"start":{"line":41,"column":2},"end":{"line":44,"column":3}},"type":"if","locations":[{"start":{"line":41,"column":2},"end":{"line":44,"column":3}}]}},"s":{"0":4,"1":4,"2":4,"3":4,"4":4,"5":4,"6":4,"7":2,"8":4,"9":3,"10":2,"11":1,"12":1,"13":1,"14":1,"15":1},"f":{"0":2,"1":3,"2":1},"b":{"0":[2,2],"1":[2],"2":[1]}}
,"/app/backend/src/queue/bulkWorker.ts": {"path":"/app/backend/src/queue/bulkWorker.ts","statementMap":{"0":{"start":{"line":21,"column":0},"end":{"line":21,"column":16}},"1":{"start":{"line":79,"column":0},"end":{"line":79,"column":7}},"2":{"start":{"line":1,"column":0},"end":{"line":1,"column":37}},"3":{"start":{"line":2,"column":0},"end":{"line":2,"column":104}},"4":{"start":{"line":3,"column":0},"end":{"line":3,"column":56}},"5":{"start":{"line":4,"column":0},"end":{"line":4,"column":54}},"6":{"start":{"line":5,"column":0},"end":{"line":5,"column":36}},"7":{"start":{"line":6,"column":0},"end":{"line":6,"column":42}},"8":{"start":{"line":8,"column":0},"end":{"line":8,"column":45}},"9":{"start":{"line":19,"column":41},"end":{"line":19,"column":45}},"10":{"start":{"line":22,"column":2},"end":{"line":22,"column":28}},"11":{"start":{"line":22,"column":14},"end":{"line":22,"column":28}},"12":{"start":{"line":24,"column":23},"end":{"line":24,"column":41}},"13":{"start":{"line":26,"column":2},"end":{"line":64,"column":4}},"14":{"start":{"line":29,"column":40},"end":{"line":29,"column":48}},"15":{"start":{"line":31,"column":6},"end":{"line":54,"column":7}},"16":{"start":{"line":32,"column":35},"end":{"line":32,"column":80}},"17":{"start":{"line":33,"column":8},"end":{"line":38,"column":10}},"18":{"start":{"line":40,"column":23},"end":{"line":40,"column":38}},"19":{"start":{"line":41,"column":8},"end":{"line":46,"column":10}},"20":{"start":{"line":47,"column":8},"end":{"line":53,"column":11}},"21":{"start":{"line":56,"column":6},"end":{"line":56,"column":53}},"22":{"start":{"line":57,"column":6},"end":{"line":57,"column":21}},"23":{"start":{"line":66,"column":2},"end":{"line":72,"column":5}},"24":{"start":{"line":67,"column":4},"end":{"line":71,"column":7}},"25":{"start":{"line":74,"column":2},"end":{"line":74,"column":61}},"26":{"start":{"line":74,"column":27},"end":{"line":74,"column":59}},"27":{"start":{"line":76,"column":2},"end":{"line":76,"column":16}},"28":{"start":{"line":80,"column":2},"end":{"line":83,"column":3}},"29":{"start":{"line":81,"column":4},"end":{"line":81,"column":25}},"30":{"start":{"line":82,"column":4},"end":{"line":82,"column":18}},"31":{"start":{"line":94,"column":20},"end":{"line":94,"column":56}},"32":{"start":{"line":95,"column":20},"end":{"line":95,"column":55}},"33":{"start":{"line":97,"column":15},"end":{"line":109,"column":4}},"34":{"start":{"line":111,"column":2},"end":{"line":114,"column":3}},"35":{"start":{"line":112,"column":4},"end":{"line":112,"column":72}},"36":{"start":{"line":113,"column":4},"end":{"line":113,"column":11}},"37":{"start":{"line":116,"column":56},"end":{"line":116,"column":63}},"38":{"start":{"line":117,"column":15},"end":{"line":117,"column":59}},"39":{"start":{"line":118,"column":2},"end":{"line":118,"column":20}},"40":{"start":{"line":118,"column":13},"end":{"line":118,"column":20}},"41":{"start":{"line":121,"column":4},"end":{"line":125,"column":29}},"42":{"start":{"line":127,"column":2},"end":{"line":130,"column":5}}},"fnMap":{"0":{"name":"startBulkWorker","decl":{"start":{"line":21,"column":16},"end":{"line":21,"column":31}},"loc":{"start":{"line":21,"column":31},"end":{"line":77,"column":1}}},"1":{"name":"(anonymous_1)","decl":{"start":{"line":28,"column":4},"end":{"line":28,"column":9}},"loc":{"start":{"line":28,"column":36},"end":{"line":58,"column":5}}},"2":{"name":"(anonymous_2)","decl":{"start":{"line":66,"column":22},"end":{"line":66,"column":23}},"loc":{"start":{"line":66,"column":35},"end":{"line":72,"column":3}}},"3":{"name":"(anonymous_3)","decl":{"start":{"line":74,"column":21},"end":{"line":74,"column":24}},"loc":{"start":{"line":74,"column":27},"end":{"line":74,"column":59}}},"4":{"name":"stopBulkWorker","decl":{"start":{"line":79,"column":22},"end":{"line":79,"column":36}},"loc":{"start":{"line":79,"column":36},"end":{"line":84,"column":1}}},"5":{"name":"appendBulkResultAtomic","decl":{"start":{"line":93,"column":15},"end":{"line":93,"column":37}},"loc":{"start":{"line":93,"column":74},"end":{"line":131,"column":1}}}},"branchMap":{"0":{"loc":{"start":{"line":22,"column":2},"end":{"line":22,"column":28}},"type":"if","locations":[{"start":{"line":22,"column":2},"end":{"line":22,"column":28}}]},"1":{"loc":{"start":{"line":36,"column":26},"end":{"line":36,"column":61}},"type":"binary-expr","locations":[{"start":{"line":36,"column":26},"end":{"line":36,"column":48}},{"start":{"line":36,"column":52},"end":{"line":36,"column":61}}]},"2":{"loc":{"start":{"line":37,"column":26},"end":{"line":37,"column":61}},"type":"binary-expr","locations":[{"start":{"line":37,"column":26},"end":{"line":37,"column":48}},{"start":{"line":37,"column":52},"end":{"line":37,"column":61}}]},"3":{"loc":{"start":{"line":44,"column":21},"end":{"line":44,"column":52}},"type":"binary-expr","locations":[{"start":{"line":44,"column":21},"end":{"line":44,"column":32}},{"start":{"line":44,"column":36},"end":{"line":44,"column":52}}]},"4":{"loc":{"start":{"line":45,"column":24},"end":{"line":45,"column":53}},"type":"binary-expr","locations":[{"start":{"line":45,"column":24},"end":{"line":45,"column":38}},{"start":{"line":45,"column":42},"end":{"line":45,"column":53}}]},"5":{"loc":{"start":{"line":80,"column":2},"end":{"line":83,"column":3}},"type":"if","locations":[{"start":{"line":80,"column":2},"end":{"line":83,"column":3}}]},"6":{"loc":{"start":{"line":94,"column":20},"end":{"line":94,"column":56}},"type":"cond-expr","locations":[{"start":{"line":94,"column":51},"end":{"line":94,"column":52}},{"start":{"line":94,"column":55},"end":{"line":94,"column":56}}]},"7":{"loc":{"start":{"line":95,"column":20},"end":{"line":95,"column":55}},"type":"cond-expr","locations":[{"start":{"line":95,"column":50},"end":{"line":95,"column":51}},{"start":{"line":95,"column":54},"end":{"line":95,"column":55}}]},"8":{"loc":{"start":{"line":111,"column":2},"end":{"line":114,"column":3}},"type":"if","locations":[{"start":{"line":111,"column":2},"end":{"line":114,"column":3}}]},"9":{"loc":{"start":{"line":118,"column":2},"end":{"line":118,"column":20}},"type":"if","locations":[{"start":{"line":118,"column":2},"end":{"line":118,"column":20}}]},"10":{"loc":{"start":{"line":121,"column":4},"end":{"line":125,"column":29}},"type":"cond-expr","locations":[{"start":{"line":122,"column":8},"end":{"line":122,"column":29}},{"start":{"line":123,"column":8},"end":{"line":125,"column":29}}]},"11":{"loc":{"start":{"line":123,"column":8},"end":{"line":125,"column":29}},"type":"cond-expr","locations":[{"start":{"line":124,"column":10},"end":{"line":124,"column":28}},{"start":{"line":125,"column":10},"end":{"line":125,"column":29}}]}},"s":{"0":1,"1":1,"2":1,"3":1,"4":1,"5":1,"6":1,"7":1,"8":1,"9":1,"10":1,"11":0,"12":1,"13":1,"14":6,"15":6,"16":6,"17":5,"18":1,"19":1,"20":1,"21":6,"22":6,"23":1,"24":0,"25":1,"26":1,"27":1,"28":1,"29":1,"30":1,"31":6,"32":6,"33":6,"34":6,"35":0,"36":0,"37":6,"38":6,"39":6,"40":4,"41":2,"42":2},"f":{"0":1,"1":6,"2":0,"3":1,"4":1,"5":6},"b":{"0":[0],"1":[5,0],"2":[5,0],"3":[1,0],"4":[1,0],"5":[1],"6":[5,1],"7":[1,5],"8":[0],"9":[4],"10":[1,1],"11":[0,1]}}
,"/app/backend/src/repositories/BatchRepository.ts": {"path":"/app/backend/src/repositories/BatchRepository.ts","statementMap":{"0":{"start":{"line":2,"column":0},"end":{"line":2,"column":57}},"1":{"start":{"line":8,"column":4},"end":{"line":8,"column":31}},"2":{"start":{"line":12,"column":4},"end":{"line":12,"column":49}},"3":{"start":{"line":16,"column":4},"end":{"line":16,"column":67}},"4":{"start":{"line":20,"column":4},"end":{"line":20,"column":69}},"5":{"start":{"line":24,"column":4},"end":{"line":24,"column":81}},"6":{"start":{"line":32,"column":4},"end":{"line":38,"column":7}},"7":{"start":{"line":4,"column":0},"end":{"line":4,"column":13}}},"fnMap":{"0":{"name":"(anonymous_0)","decl":{"start":{"line":7,"column":2},"end":{"line":7,"column":14}},"loc":{"start":{"line":7,"column":56},"end":{"line":9,"column":3}}},"1":{"name":"(anonymous_1)","decl":{"start":{"line":11,"column":2},"end":{"line":11,"column":8}},"loc":{"start":{"line":11,"column":41},"end":{"line":13,"column":3}}},"2":{"name":"(anonymous_2)","decl":{"start":{"line":15,"column":2},"end":{"line":15,"column":15}},"loc":{"start":{"line":15,"column":31},"end":{"line":17,"column":3}}},"3":{"name":"(anonymous_3)","decl":{"start":{"line":19,"column":2},"end":{"line":19,"column":8}},"loc":{"start":{"line":19,"column":58},"end":{"line":21,"column":3}}},"4":{"name":"(anonymous_4)","decl":{"start":{"line":23,"column":2},"end":{"line":23,"column":14}},"loc":{"start":{"line":23,"column":51},"end":{"line":25,"column":3}}},"5":{"name":"(anonymous_5)","decl":{"start":{"line":27,"column":2},"end":{"line":27,"column":17}},"loc":{"start":{"line":30,"column":18},"end":{"line":39,"column":3}}}},"branchMap":{"0":{"loc":{"start":{"line":7,"column":14},"end":{"line":7,"column":56}},"type":"default-arg","locations":[{"start":{"line":7,"column":43},"end":{"line":7,"column":56}}]}},"s":{"0":5,"1":9,"2":3,"3":6,"4":0,"5":3,"6":1,"7":5},"f":{"0":9,"1":3,"2":6,"3":0,"4":3,"5":1},"b":{"0":[9]}}
,"/app/backend/src/repositories/CourierRepository.ts": {"path":"/app/backend/src/repositories/CourierRepository.ts","statementMap":{"0":{"start":{"line":2,"column":0},"end":{"line":2,"column":57}},"1":{"start":{"line":8,"column":4},"end":{"line":8,"column":31}},"2":{"start":{"line":12,"column":4},"end":{"line":12,"column":63}},"3":{"start":{"line":16,"column":4},"end":{"line":16,"column":71}},"4":{"start":{"line":4,"column":0},"end":{"line":4,"column":13}}},"fnMap":{"0":{"name":"(anonymous_0)","decl":{"start":{"line":7,"column":2},"end":{"line":7,"column":14}},"loc":{"start":{"line":7,"column":56},"end":{"line":9,"column":3}}},"1":{"name":"(anonymous_1)","decl":{"start":{"line":11,"column":2},"end":{"line":11,"column":12}},"loc":{"start":{"line":11,"column":25},"end":{"line":13,"column":3}}},"2":{"name":"(anonymous_2)","decl":{"start":{"line":15,"column":2},"end":{"line":15,"column":12}},"loc":{"start":{"line":15,"column":12},"end":{"line":17,"column":3}}}},"branchMap":{"0":{"loc":{"start":{"line":7,"column":14},"end":{"line":7,"column":56}},"type":"default-arg","locations":[{"start":{"line":7,"column":43},"end":{"line":7,"column":56}}]}},"s":{"0":6,"1":8,"2":19,"3":1,"4":6},"f":{"0":8,"1":19,"2":1},"b":{"0":[8]}}
,"/app/backend/src/repositories/OrderRepository.ts": {"path":"/app/backend/src/repositories/OrderRepository.ts","statementMap":{"0":{"start":{"line":2,"column":0},"end":{"line":2,"column":57}},"1":{"start":{"line":11,"column":4},"end":{"line":11,"column":31}},"2":{"start":{"line":15,"column":4},"end":{"line":15,"column":64}},"3":{"start":{"line":19,"column":4},"end":{"line":19,"column":59}},"4":{"start":{"line":23,"column":4},"end":{"line":26,"column":7}},"5":{"start":{"line":30,"column":4},"end":{"line":30,"column":46}},"6":{"start":{"line":34,"column":4},"end":{"line":34,"column":61}},"7":{"start":{"line":38,"column":4},"end":{"line":38,"column":73}},"8":{"start":{"line":42,"column":4},"end":{"line":42,"column":62}},"9":{"start":{"line":7,"column":0},"end":{"line":7,"column":13}}},"fnMap":{"0":{"name":"(anonymous_0)","decl":{"start":{"line":10,"column":2},"end":{"line":10,"column":14}},"loc":{"start":{"line":10,"column":56},"end":{"line":12,"column":3}}},"1":{"name":"(anonymous_1)","decl":{"start":{"line":14,"column":2},"end":{"line":14,"column":15}},"loc":{"start":{"line":14,"column":31},"end":{"line":16,"column":3}}},"2":{"name":"(anonymous_2)","decl":{"start":{"line":18,"column":2},"end":{"line":18,"column":10}},"loc":{"start":{"line":18,"column":21},"end":{"line":20,"column":3}}},"3":{"name":"(anonymous_3)","decl":{"start":{"line":22,"column":2},"end":{"line":22,"column":26}},"loc":{"start":{"line":22,"column":42},"end":{"line":27,"column":3}}},"4":{"name":"(anonymous_4)","decl":{"start":{"line":29,"column":2},"end":{"line":29,"column":8}},"loc":{"start":{"line":29,"column":38},"end":{"line":31,"column":3}}},"5":{"name":"(anonymous_5)","decl":{"start":{"line":33,"column":2},"end":{"line":33,"column":8}},"loc":{"start":{"line":33,"column":50},"end":{"line":35,"column":3}}},"6":{"name":"(anonymous_6)","decl":{"start":{"line":37,"column":2},"end":{"line":37,"column":14}},"loc":{"start":{"line":37,"column":49},"end":{"line":39,"column":3}}},"7":{"name":"(anonymous_7)","decl":{"start":{"line":41,"column":2},"end":{"line":41,"column":15}},"loc":{"start":{"line":41,"column":31},"end":{"line":43,"column":3}}}},"branchMap":{"0":{"loc":{"start":{"line":10,"column":14},"end":{"line":10,"column":56}},"type":"default-arg","locations":[{"start":{"line":10,"column":43},"end":{"line":10,"column":56}}]}},"s":{"0":6,"1":15,"2":27,"3":0,"4":3,"5":16,"6":0,"7":6,"8":0,"9":6},"f":{"0":15,"1":27,"2":0,"3":3,"4":16,"5":0,"6":6,"7":0},"b":{"0":[15]}}
,"/app/backend/src/repositories/TrackingRepository.ts": {"path":"/app/backend/src/repositories/TrackingRepository.ts","statementMap":{"0":{"start":{"line":2,"column":0},"end":{"line":2,"column":57}},"1":{"start":{"line":11,"column":4},"end":{"line":11,"column":31}},"2":{"start":{"line":15,"column":4},"end":{"line":15,"column":56}},"3":{"start":{"line":19,"column":4},"end":{"line":19,"column":59}},"4":{"start":{"line":19,"column":22},"end":{"line":19,"column":59}},"5":{"start":{"line":20,"column":4},"end":{"line":20,"column":66}},"6":{"start":{"line":24,"column":4},"end":{"line":27,"column":7}},"7":{"start":{"line":31,"column":4},"end":{"line":34,"column":7}},"8":{"start":{"line":7,"column":0},"end":{"line":7,"column":13}}},"fnMap":{"0":{"name":"(anonymous_0)","decl":{"start":{"line":10,"column":2},"end":{"line":10,"column":14}},"loc":{"start":{"line":10,"column":56},"end":{"line":12,"column":3}}},"1":{"name":"(anonymous_1)","decl":{"start":{"line":14,"column":2},"end":{"line":14,"column":8}},"loc":{"start":{"line":14,"column":48},"end":{"line":16,"column":3}}},"2":{"name":"(anonymous_2)","decl":{"start":{"line":18,"column":2},"end":{"line":18,"column":12}},"loc":{"start":{"line":18,"column":58},"end":{"line":21,"column":3}}},"3":{"name":"(anonymous_3)","decl":{"start":{"line":23,"column":2},"end":{"line":23,"column":15}},"loc":{"start":{"line":23,"column":31},"end":{"line":28,"column":3}}},"4":{"name":"(anonymous_4)","decl":{"start":{"line":30,"column":2},"end":{"line":30,"column":16}},"loc":{"start":{"line":30,"column":32},"end":{"line":35,"column":3}}}},"branchMap":{"0":{"loc":{"start":{"line":10,"column":14},"end":{"line":10,"column":56}},"type":"default-arg","locations":[{"start":{"line":10,"column":43},"end":{"line":10,"column":56}}]},"1":{"loc":{"start":{"line":19,"column":4},"end":{"line":19,"column":59}},"type":"if","locations":[{"start":{"line":19,"column":4},"end":{"line":19,"column":59}}]}},"s":{"0":6,"1":14,"2":27,"3":0,"4":0,"5":0,"6":7,"7":1,"8":6},"f":{"0":14,"1":27,"2":0,"3":7,"4":1},"b":{"0":[14],"1":[0]}}
,"/app/backend/src/repositories/prismaClient.ts": {"path":"/app/backend/src/repositories/prismaClient.ts","statementMap":{"0":{"start":{"line":1,"column":0},"end":{"line":1,"column":46}},"1":{"start":{"line":2,"column":0},"end":{"line":2,"column":42}},"2":{"start":{"line":9,"column":48},"end":{"line":9,"column":52}},"3":{"start":{"line":12,"column":4},"end":{"line":24,"column":5}},"4":{"start":{"line":13,"column":6},"end":{"line":18,"column":9}},"5":{"start":{"line":21,"column":7},"end":{"line":21,"column":94}},"6":{"start":{"line":21,"column":57},"end":{"line":21,"column":92}},"7":{"start":{"line":23,"column":7},"end":{"line":23,"column":91}},"8":{"start":{"line":23,"column":56},"end":{"line":23,"column":89}},"9":{"start":{"line":25,"column":4},"end":{"line":25,"column":24}},"10":{"start":{"line":29,"column":4},"end":{"line":32,"column":5}},"11":{"start":{"line":30,"column":6},"end":{"line":30,"column":39}},"12":{"start":{"line":31,"column":6},"end":{"line":31,"column":26}},"13":{"start":{"line":36,"column":13},"end":{"line":36,"column":45}},"14":{"start":{"line":37,"column":32},"end":{"line":37,"column":66}},"15":{"start":{"line":37,"column":38},"end":{"line":37,"column":66}},"16":{"start":{"line":37,"column":13},"end":{"line":37,"column":32}}},"fnMap":{"0":{"name":"(anonymous_0)","decl":{"start":{"line":11,"column":2},"end":{"line":11,"column":8}},"loc":{"start":{"line":11,"column":19},"end":{"line":26,"column":3}}},"1":{"name":"(anonymous_1)","decl":{"start":{"line":21,"column":41},"end":{"line":21,"column":42}},"loc":{"start":{"line":21,"column":57},"end":{"line":21,"column":92}}},"2":{"name":"(anonymous_2)","decl":{"start":{"line":23,"column":40},"end":{"line":23,"column":41}},"loc":{"start":{"line":23,"column":56},"end":{"line":23,"column":89}}},"3":{"name":"(anonymous_3)","decl":{"start":{"line":28,"column":2},"end":{"line":28,"column":8}},"loc":{"start":{"line":28,"column":25},"end":{"line":33,"column":3}}},"4":{"name":"(anonymous_4)","decl":{"start":{"line":37,"column":32},"end":{"line":37,"column":35}},"loc":{"start":{"line":37,"column":38},"end":{"line":37,"column":66}}}},"branchMap":{"0":{"loc":{"start":{"line":12,"column":4},"end":{"line":24,"column":5}},"type":"if","locations":[{"start":{"line":12,"column":4},"end":{"line":24,"column":5}}]},"1":{"loc":{"start":{"line":29,"column":4},"end":{"line":32,"column":5}},"type":"if","locations":[{"start":{"line":29,"column":4},"end":{"line":32,"column":5}}]}},"s":{"0":6,"1":6,"2":6,"3":6,"4":6,"5":6,"6":0,"7":6,"8":0,"9":6,"10":0,"11":0,"12":0,"13":6,"14":6,"15":0,"16":6},"f":{"0":6,"1":0,"2":0,"3":0,"4":0},"b":{"0":[6],"1":[0]}}
,"/app/backend/src/routes/batch.routes.ts": {"path":"/app/backend/src/routes/batch.routes.ts","statementMap":{"0":{"start":{"line":1,"column":0},"end":{"line":1,"column":33}},"1":{"start":{"line":2,"column":0},"end":{"line":2,"column":66}},"2":{"start":{"line":4,"column":15},"end":{"line":4,"column":23}},"3":{"start":{"line":5,"column":19},"end":{"line":5,"column":40}},"4":{"start":{"line":7,"column":0},"end":{"line":7,"column":44}},"5":{"start":{"line":9,"column":0},"end":{"line":9,"column":22}}},"fnMap":{},"branchMap":{},"s":{"0":4,"1":4,"2":4,"3":4,"4":4,"5":4},"f":{},"b":{}}
,"/app/backend/src/routes/order.routes.ts": {"path":"/app/backend/src/routes/order.routes.ts","statementMap":{"0":{"start":{"line":1,"column":0},"end":{"line":1,"column":33}},"1":{"start":{"line":2,"column":0},"end":{"line":2,"column":66}},"2":{"start":{"line":4,"column":15},"end":{"line":4,"column":23}},"3":{"start":{"line":5,"column":19},"end":{"line":5,"column":40}},"4":{"start":{"line":7,"column":0},"end":{"line":7,"column":44}},"5":{"start":{"line":8,"column":0},"end":{"line":8,"column":36}},"6":{"start":{"line":9,"column":0},"end":{"line":9,"column":39}},"7":{"start":{"line":10,"column":0},"end":{"line":10,"column":43}},"8":{"start":{"line":11,"column":0},"end":{"line":11,"column":46}},"9":{"start":{"line":13,"column":0},"end":{"line":13,"column":22}}},"fnMap":{},"branchMap":{},"s":{"0":4,"1":4,"2":4,"3":4,"4":4,"5":4,"6":4,"7":4,"8":4,"9":4},"f":{},"b":{}}
[...]
,"/app/backend/src/services/OrderService.ts": {"path":"/app/backend/src/services/OrderService.ts","statementMap":{"0":{"start":{"line":2,"column":0},"end":{"line":2,"column":66}},"1":{"start":{"line":3,"column":0},"end":{"line":3,"column":72}},"2":{"start":{"line":4,"column":0},"end":{"line":4,"column":70}},"3":{"start":{"line":5,"column":0},"end":{"line":5,"column":68}},"4":{"start":{"line":7,"column":0},"end":{"line":7,"column":76}},"5":{"start":{"line":8,"column":0},"end":{"line":8,"column":42}},"6":{"start":{"line":18,"column":21},"end":{"line":18,"column":50}},"7":{"start":{"line":19,"column":21},"end":{"line":19,"column":56}},"8":{"start":{"line":20,"column":21},"end":{"line":20,"column":54}},"9":{"start":{"line":21,"column":21},"end":{"line":21,"column":54}},"10":{"start":{"line":32,"column":21},"end":{"line":32,"column":68}},"11":{"start":{"line":33,"column":4},"end":{"line":39,"column":5}},"12":{"start":{"line":34,"column":6},"end":{"line":37,"column":9}},"13":{"start":{"line":38,"column":6},"end":{"line":38,"column":52}},"14":{"start":{"line":41,"column":20},"end":{"line":41,"column":70}},"15":{"start":{"line":42,"column":4},"end":{"line":44,"column":5}},"16":{"start":{"line":43,"column":6},"end":{"line":43,"column":57}},"17":{"start":{"line":46,"column":20},"end":{"line":46,"column":56}},"18":{"start":{"line":47,"column":46},"end":{"line":55,"column":6}},"19":{"start":{"line":57,"column":20},"end":{"line":57,"column":30}},"20":{"start":{"line":58,"column":19},"end":{"line":58,"column":61}},"21":{"start":{"line":59,"column":4},"end":{"line":64,"column":7}},"22":{"start":{"line":66,"column":18},"end":{"line":75,"column":6}},"23":{"start":{"line":77,"column":4},"end":{"line":84,"column":7}},"24":{"start":{"line":86,"column":4},"end":{"line":86,"column":41}},"25":{"start":{"line":90,"column":18},"end":{"line":90,"column":72}},"26":{"start":{"line":91,"column":4},"end":{"line":91,"column":58}},"27":{"start":{"line":91,"column":16},"end":{"line":91,"column":58}},"28":{"start":{"line":92,"column":4},"end":{"line":92,"column":17}},"29":{"start":{"line":16,"column":0},"end":{"line":16,"column":13}}},"fnMap":{"0":{"name":"(anonymous_0)","decl":{"start":{"line":17,"column":2},"end":{"line":17,"column":null}},"loc":{"start":{"line":21,"column":68},"end":{"line":22,"column":6}}},"1":{"name":"(anonymous_1)","decl":{"start":{"line":28,"column":2},"end":{"line":28,"column":7}},"loc":{"start":{"line":30,"column":54},"end":{"line":87,"column":3}}},"2":{"name":"(anonymous_2)","decl":{"start":{"line":89,"column":2},"end":{"line":89,"column":7}},"loc":{"start":{"line":89,"column":36},"end":{"line":93,"column":3}}}},"branchMap":{"0":{"loc":{"start":{"line":18,"column":21},"end":{"line":18,"column":71}},"type":"default-arg","locations":[{"start":{"line":18,"column":50},"end":{"line":18,"column":71}}]},"1":{"loc":{"start":{"line":19,"column":21},"end":{"line":19,"column":80}},"type":"default-arg","locations":[{"start":{"line":19,"column":56},"end":{"line":19,"column":80}}]},"2":{"loc":{"start":{"line":20,"column":21},"end":{"line":20,"column":77}},"type":"default-arg","locations":[{"start":{"line":20,"column":54},"end":{"line":20,"column":77}}]},"3":{"loc":{"start":{"line":21,"column":21},"end":{"line":21,"column":68}},"type":"default-arg","locations":[{"start":{"line":21,"column":54},"end":{"line":21,"column":68}}]},"4":{"loc":{"start":{"line":30,"column":4},"end":{"line":30,"column":54}},"type":"default-arg","locations":[{"start":{"line":30,"column":52},"end":{"line":30,"column":54}}]},"5":{"loc":{"start":{"line":33,"column":4},"end":{"line":39,"column":5}},"type":"if","locations":[{"start":{"line":33,"column":4},"end":{"line":39,"column":5}}]},"6":{"loc":{"start":{"line":42,"column":4},"end":{"line":44,"column":5}},"type":"if","locations":[{"start":{"line":42,"column":4},"end":{"line":44,"column":5}}]},"7":{"loc":{"start":{"line":42,"column":8},"end":{"line":42,"column":37}},"type":"binary-expr","locations":[{"start":{"line":42,"column":8},"end":{"line":42,"column":16}},{"start":{"line":42,"column":20},"end":{"line":42,"column":37}}]},"8":{"loc":{"start":{"line":91,"column":4},"end":{"line":91,"column":58}},"type":"if","locations":[{"start":{"line":91,"column":4},"end":{"line":91,"column":58}}]}},"s":{"0":5,"1":5,"2":5,"3":5,"4":5,"5":5,"6":9,"7":9,"8":9,"9":9,"10":21,"11":21,"12":2,"13":2,"14":19,"15":19,"16":4,"17":15,"18":15,"19":15,"20":15,"21":15,"22":15,"23":15,"24":15,"25":3,"26":3,"27":1,"28":2,"29":5},"f":{"0":9,"1":21,"2":3},"b":{"0":[5],"1":[5],"2":[5],"3":[5],"4":[4],"5":[2],"6":[4],"7":[19,16],"8":[1]}}
,"/app/backend/src/services/TrackingService.ts": {"path":"/app/backend/src/services/TrackingService.ts","statementMap":{"0":{"start":{"line":2,"column":0},"end":{"line":2,"column":66}},"1":{"start":{"line":3,"column":0},"end":{"line":3,"column":72}},"2":{"start":{"line":4,"column":0},"end":{"line":4,"column":54}},"3":{"start":{"line":5,"column":0},"end":{"line":5,"column":68}},"4":{"start":{"line":6,"column":0},"end":{"line":6,"column":51}},"5":{"start":{"line":7,"column":0},"end":{"line":7,"column":42}},"6":{"start":{"line":11,"column":21},"end":{"line":11,"column":50}},"7":{"start":{"line":12,"column":21},"end":{"line":12,"column":56}},"8":{"start":{"line":13,"column":21},"end":{"line":13,"column":54}},"9":{"start":{"line":17,"column":18},"end":{"line":17,"column":61}},"10":{"start":{"line":18,"column":4},"end":{"line":18,"column":58}},"11":{"start":{"line":18,"column":16},"end":{"line":18,"column":58}},"12":{"start":{"line":20,"column":20},"end":{"line":20,"column":87}},"13":{"start":{"line":21,"column":4},"end":{"line":21,"column":70}},"14":{"start":{"line":21,"column":18},"end":{"line":21,"column":70}},"15":{"start":{"line":23,"column":4},"end":{"line":26,"column":5}},"16":{"start":{"line":24,"column":22},"end":{"line":24,"column":69}},"17":{"start":{"line":25,"column":6},"end":{"line":25,"column":69}},"18":{"start":{"line":28,"column":20},"end":{"line":28,"column":53}},"19":{"start":{"line":29,"column":20},"end":{"line":29,"column":30}},"20":{"start":{"line":30,"column":19},"end":{"line":32,"column":null}},"21":{"start":{"line":34,"column":4},"end":{"line":40,"column":7}},"22":{"start":{"line":42,"column":21},"end":{"line":42,"column":68}},"23":{"start":{"line":43,"column":17},"end":{"line":43,"column":89}},"24":{"start":{"line":43,"column":45},"end":{"line":43,"column":87}},"25":{"start":{"line":45,"column":4},"end":{"line":57,"column":5}},"26":{"start":{"line":46,"column":18},"end":{"line":46,"column":64}},"27":{"start":{"line":47,"column":6},"end":{"line":47,"column":34}},"28":{"start":{"line":47,"column":25},"end":{"line":47,"column":34}},"29":{"start":{"line":48,"column":6},"end":{"line":48,"column":20}},"30":{"start":{"line":49,"column":6},"end":{"line":56,"column":9}},"31":{"start":{"line":59,"column":25},"end":{"line":59,"column":30}},"32":{"start":{"line":60,"column":4},"end":{"line":62,"column":5}},"33":{"start":{"line":61,"column":6},"end":{"line":61,"column":82}},"34":{"start":{"line":64,"column":20},"end":{"line":64,"column":67}},"35":{"start":{"line":65,"column":4},"end":{"line":65,"column":84}},"36":{"start":{"line":9,"column":0},"end":{"line":9,"column":13}}},"fnMap":{"0":{"name":"(anonymous_0)","decl":{"start":{"line":10,"column":2},"end":{"line":10,"column":null}},"loc":{"start":{"line":13,"column":68},"end":{"line":14,"column":6}}},"1":{"name":"(anonymous_1)","decl":{"start":{"line":16,"column":2},"end":{"line":16,"column":7}},"loc":{"start":{"line":16,"column":63},"end":{"line":66,"column":3}}},"2":{"name":"(anonymous_2)","decl":{"start":{"line":43,"column":38},"end":{"line":43,"column":39}},"loc":{"start":{"line":43,"column":45},"end":{"line":43,"column":87}}}},"branchMap":{"0":{"loc":{"start":{"line":11,"column":21},"end":{"line":11,"column":71}},"type":"default-arg","locations":[{"start":{"line":11,"column":50},"end":{"line":11,"column":71}}]},"1":{"loc":{"start":{"line":12,"column":21},"end":{"line":12,"column":80}},"type":"default-arg","locations":[{"start":{"line":12,"column":56},"end":{"line":12,"column":80}}]},"2":{"loc":{"start":{"line":13,"column":21},"end":{"line":13,"column":68}},"type":"default-arg","locations":[{"start":{"line":13,"column":54},"end":{"line":13,"column":68}}]},"3":{"loc":{"start":{"line":16,"column":31},"end":{"line":16,"column":63}},"type":"default-arg","locations":[{"start":{"line":16,"column":61},"end":{"line":16,"column":63}}]},"4":{"loc":{"start":{"line":18,"column":4},"end":{"line":18,"column":58}},"type":"if","locations":[{"start":{"line":18,"column":4},"end":{"line":18,"column":58}}]},"5":{"loc":{"start":{"line":21,"column":4},"end":{"line":21,"column":70}},"type":"if","locations":[{"start":{"line":21,"column":4},"end":{"line":21,"column":70}}]},"6":{"loc":{"start":{"line":23,"column":4},"end":{"line":26,"column":5}},"type":"if","locations":[{"start":{"line":23,"column":4},"end":{"line":26,"column":5}}]},"7":{"loc":{"start":{"line":32,"column":6},"end":{"line":32,"column":39}},"type":"binary-expr","locations":[{"start":{"line":32,"column":6},"end":{"line":32,"column":26}},{"start":{"line":32,"column":30},"end":{"line":32,"column":39}}]},"8":{"loc":{"start":{"line":47,"column":6},"end":{"line":47,"column":34}},"type":"if","locations":[{"start":{"line":47,"column":6},"end":{"line":47,"column":34}}]},"9":{"loc":{"start":{"line":55,"column":19},"end":{"line":55,"column":37}},"type":"binary-expr","locations":[{"start":{"line":55,"column":19},"end":{"line":55,"column":31}},{"start":{"line":55,"column":35},"end":{"line":55,"column":37}}]},"10":{"loc":{"start":{"line":60,"column":4},"end":{"line":62,"column":5}},"type":"if","locations":[{"start":{"line":60,"column":4},"end":{"line":62,"column":5}}]}},"s":{"0":4,"1":4,"2":4,"3":4,"4":4,"5":4,"6":4,"7":4,"8":4,"9":4,"10":4,"11":1,"12":3,"13":3,"14":0,"15":3,"16":0,"17":0,"18":3,"19":3,"20":3,"21":3,"22":3,"23":3,"24":3,"25":3,"26":9,"27":9,"28":0,"29":9,"30":9,"31":3,"32":3,"33":3,"34":3,"35":3,"36":4},"f":{"0":4,"1":4,"2":3},"b":{"0":[4],"1":[4],"2":[4],"3":[0],"4":[1],"5":[0],"6":[0],"7":[3,0],"8":[0],"9":[9,6],"10":[3]}}
,"/app/backend/src/utils/httpClient.ts": {"path":"/app/backend/src/utils/httpClient.ts","statementMap":{"0":{"start":{"line":1,"column":0},"end":{"line":1,"column":92}},"1":{"start":{"line":2,"column":0},"end":{"line":2,"column":42}},"2":{"start":{"line":18,"column":4},"end":{"line":27,"column":7}},"3":{"start":{"line":26,"column":28},"end":{"line":26,"column":32}},"4":{"start":{"line":31,"column":20},"end":{"line":31,"column":30}},"5":{"start":{"line":32,"column":4},"end":{"line":50,"column":5}},"6":{"start":{"line":33,"column":18},"end":{"line":33,"column":56}},"7":{"start":{"line":34,"column":6},"end":{"line":39,"column":9}},"8":{"start":{"line":40,"column":6},"end":{"line":40,"column":17}},"9":{"start":{"line":42,"column":20},"end":{"line":42,"column":37}},"10":{"start":{"line":43,"column":6},"end":{"line":48,"column":9}},"11":{"start":{"line":49,"column":6},"end":{"line":49,"column":16}},"12":{"start":{"line":54,"column":4},"end":{"line":54,"column":62}},"13":{"start":{"line":58,"column":4},"end":{"line":58,"column":69}},"14":{"start":{"line":62,"column":4},"end":{"line":62,"column":68}},"15":{"start":{"line":66,"column":4},"end":{"line":66,"column":65}},"16":{"start":{"line":14,"column":0},"end":{"line":14,"column":13}}},"fnMap":{"0":{"name":"(anonymous_1)","decl":{"start":{"line":17,"column":2},"end":{"line":17,"column":14}},"loc":{"start":{"line":17,"column":37},"end":{"line":28,"column":3}}},"1":{"name":"(anonymous_2)","decl":{"start":{"line":26,"column":22},"end":{"line":26,"column":25}},"loc":{"start":{"line":26,"column":28},"end":{"line":26,"column":32}}},"2":{"name":"(anonymous_3)","decl":{"start":{"line":30,"column":2},"end":{"line":30,"column":7}},"loc":{"start":{"line":30,"column":55},"end":{"line":51,"column":3}}},"3":{"name":"(anonymous_4)","decl":{"start":{"line":53,"column":2},"end":{"line":53,"column":5}},"loc":{"start":{"line":53,"column":59},"end":{"line":55,"column":3}}},"4":{"name":"(anonymous_5)","decl":{"start":{"line":57,"column":2},"end":{"line":57,"column":6}},"loc":{"start":{"line":57,"column":76},"end":{"line":59,"column":3}}},"5":{"name":"(anonymous_6)","decl":{"start":{"line":61,"column":2},"end":{"line":61,"column":5}},"loc":{"start":{"line":61,"column":75},"end":{"line":63,"column":3}}},"6":{"name":"(anonymous_7)","decl":{"start":{"line":65,"column":2},"end":{"line":65,"column":8}},"loc":{"start":{"line":65,"column":62},"end":{"line":67,"column":3}}}},"branchMap":{"0":{"loc":{"start":{"line":20,"column":15},"end":{"line":20,"column":38}},"type":"binary-expr","locations":[{"start":{"line":20,"column":15},"end":{"line":20,"column":29}},{"start":{"line":20,"column":33},"end":{"line":20,"column":38}}]},"1":{"loc":{"start":{"line":24,"column":12},"end":{"line":24,"column":37}},"type":"binary-expr","locations":[{"start":{"line":24,"column":12},"end":{"line":24,"column":31}},{"start":{"line":24,"column":35},"end":{"line":24,"column":37}}]}},"s":{"0":8,"1":8,"2":30,"3":30,"4":93,"5":93,"6":93,"7":30,"8":30,"9":63,"10":63,"11":63,"12":12,"13":81,"14":0,"15":0,"16":8},"f":{"0":30,"1":30,"2":93,"3":12,"4":81,"5":0,"6":0},"b":{"0":[30,30],"1":[30,11]}}
,"/app/backend/src/utils/retry.ts": {"path":"/app/backend/src/utils/retry.ts","statementMap":{"0":{"start":{"line":27,"column":0},"end":{"line":27,"column":7}},"1":{"start":{"line":1,"column":0},"end":{"line":1,"column":42}},"2":{"start":{"line":12,"column":38},"end":{"line":17,"column":2}},"3":{"start":{"line":20,"column":2},"end":{"line":20,"column":59}},"4":{"start":{"line":20,"column":34},"end":{"line":20,"column":57}},"5":{"start":{"line":31,"column":29},"end":{"line":31,"column":65}},"6":{"start":{"line":33,"column":16},"end":{"line":33,"column":17}},"7":{"start":{"line":36,"column":2},"end":{"line":61,"column":3}},"8":{"start":{"line":37,"column":4},"end":{"line":37,"column":17}},"9":{"start":{"line":38,"column":4},"end":{"line":60,"column":5}},"10":{"start":{"line":39,"column":6},"end":{"line":39,"column":24}},"11":{"start":{"line":41,"column":6},"end":{"line":41,"column":22}},"12":{"start":{"line":42,"column":26},"end":{"line":42,"column":82}},"13":{"start":{"line":43,"column":6},"end":{"line":45,"column":7}},"14":{"start":{"line":44,"column":8},"end":{"line":44,"column":18}},"15":{"start":{"line":48,"column":8},"end":{"line":48,"column":71}},"16":{"start":{"line":49,"column":22},"end":{"line":49,"column":57}},"17":{"start":{"line":51,"column":6},"end":{"line":51,"column":44}},"18":{"start":{"line":52,"column":6},"end":{"line":57,"column":9}},"19":{"start":{"line":59,"column":6},"end":{"line":59,"column":27}},"20":{"start":{"line":63,"column":2},"end":{"line":63,"column":18}}},"fnMap":{"0":{"name":"sleep","decl":{"start":{"line":19,"column":9},"end":{"line":19,"column":14}},"loc":{"start":{"line":19,"column":25},"end":{"line":21,"column":1}}},"1":{"name":"(anonymous_1)","decl":{"start":{"line":20,"column":21},"end":{"line":20,"column":22}},"loc":{"start":{"line":20,"column":34},"end":{"line":20,"column":57}}},"2":{"name":"withRetry","decl":{"start":{"line":27,"column":22},"end":{"line":27,"column":31}},"loc":{"start":{"line":29,"column":39},"end":{"line":64,"column":1}}}},"branchMap":{"0":{"loc":{"start":{"line":29,"column":2},"end":{"line":29,"column":39}},"type":"default-arg","locations":[{"start":{"line":29,"column":37},"end":{"line":29,"column":39}}]},"1":{"loc":{"start":{"line":42,"column":26},"end":{"line":42,"column":82}},"type":"cond-expr","locations":[{"start":{"line":42,"column":45},"end":{"line":42,"column":75}},{"start":{"line":42,"column":78},"end":{"line":42,"column":82}}]},"2":{"loc":{"start":{"line":43,"column":6},"end":{"line":45,"column":7}},"type":"if","locations":[{"start":{"line":43,"column":6},"end":{"line":45,"column":7}}]},"3":{"loc":{"start":{"line":43,"column":10},"end":{"line":43,"column":53}},"type":"binary-expr","locations":[{"start":{"line":43,"column":10},"end":{"line":43,"column":22}},{"start":{"line":43,"column":26},"end":{"line":43,"column":53}}]},"4":{"loc":{"start":{"line":56,"column":15},"end":{"line":56,"column":63}},"type":"cond-expr","locations":[{"start":{"line":56,"column":38},"end":{"line":56,"column":49}},{"start":{"line":56,"column":52},"end":{"line":56,"column":63}}]}},"s":{"0":9,"1":9,"2":9,"3":50,"4":50,"5":40,"6":40,"7":40,"8":90,"9":90,"10":90,"11":73,"12":73,"13":73,"14":23,"15":50,"16":50,"17":50,"18":50,"19":50,"20":0},"f":{"0":50,"1":50,"2":40},"b":{"0":[0],"1":[66,7],"2":[23],"3":[73,72],"4":[50,0]}}
,"/app/backend/src/utils/statusEnum.ts": {"path":"/app/backend/src/utils/statusEnum.ts","statementMap":{"0":{"start":{"line":11,"column":0},"end":{"line":11,"column":16}},"1":{"start":{"line":15,"column":0},"end":{"line":15,"column":16}},"2":{"start":{"line":1,"column":0},"end":{"line":1,"column":9}},"3":{"start":{"line":3,"column":9},"end":{"line":1,"column":48}},"4":{"start":{"line":5,"column":13},"end":{"line":9,"column":3}},"5":{"start":{"line":12,"column":2},"end":{"line":12,"column":39}},"6":{"start":{"line":16,"column":2},"end":{"line":16,"column":75}}},"fnMap":{"0":{"name":"(anonymous_0)","decl":{"start":{"line":3,"column":9},"end":{"line":3,"column":23}},"loc":{"start":{"line":3,"column":9},"end":{"line":1,"column":48}}},"1":{"name":"isTerminalStatus","decl":{"start":{"line":11,"column":16},"end":{"line":11,"column":32}},"loc":{"start":{"line":11,"column":55},"end":{"line":13,"column":1}}},"2":{"name":"canCancel","decl":{"start":{"line":15,"column":16},"end":{"line":15,"column":25}},"loc":{"start":{"line":15,"column":48},"end":{"line":17,"column":1}}}},"branchMap":{"0":{"loc":{"start":{"line":16,"column":9},"end":{"line":16,"column":74}},"type":"binary-expr","locations":[{"start":{"line":16,"column":9},"end":{"line":16,"column":34}},{"start":{"line":16,"column":38},"end":{"line":16,"column":74}}]}},"s":{"0":5,"1":5,"2":5,"3":5,"4":5,"5":14,"6":9},"f":{"0":0,"1":14,"2":9},"b":{"0":[9,6]}}
,"/app/backend/src/validators/order.validator.ts": {"path":"/app/backend/src/validators/order.validator.ts","statementMap":{"0":{"start":{"line":1,"column":0},"end":{"line":1,"column":24}},"1":{"start":{"line":3,"column":22},"end":{"line":13,"column":2}},"2":{"start":{"line":15,"column":22},"end":{"line":23,"column":2}},"3":{"start":{"line":25,"column":22},"end":{"line":32,"column":null}},"4":{"start":{"line":31,"column":11},"end":{"line":31,"column":83}},"5":{"start":{"line":35,"column":13},"end":{"line":44,"column":3}},"6":{"start":{"line":47,"column":13},"end":{"line":49,"column":3}},"7":{"start":{"line":52,"column":13},"end":{"line":54,"column":3}},"8":{"start":{"line":57,"column":13},"end":{"line":59,"column":3}}},"fnMap":{"0":{"name":"(anonymous_0)","decl":{"start":{"line":31,"column":4},"end":{"line":31,"column":5}},"loc":{"start":{"line":31,"column":11},"end":{"line":31,"column":83}}}},"branchMap":{"0":{"loc":{"start":{"line":31,"column":11},"end":{"line":31,"column":83}},"type":"binary-expr","locations":[{"start":{"line":31,"column":11},"end":{"line":31,"column":27}},{"start":{"line":31,"column":32},"end":{"line":31,"column":63}},{"start":{"line":31,"column":67},"end":{"line":31,"column":82}}]}},"s":{"0":4,"1":4,"2":4,"3":4,"4":120,"5":4,"6":4,"7":4,"8":4},"f":{"0":120},"b":{"0":[120,0,0]}}
}
