TN:
SF:src/app.ts
FN:7,createApp
FN:18,(anonymous_2)
FNF:2
FNH:1
FNDA:4,createApp
FNDA:0,(anonymous_2)
DA:1,4
DA:2,4
DA:3,4
DA:4,4
DA:5,4
DA:7,4
DA:8,4
DA:10,4
DA:11,4
DA:12,4
DA:15,4
DA:18,4
DA:19,0
DA:27,4
DA:29,4
LF:15
LH:14
BRF:0
BRH:0
end_of_record
TN:
SF:src/controllers/batch.controller.ts
FN:5,(anonymous_0)
FN:7,(anonymous_1)
FNF:2
FNH:2
FNDA:4,(anonymous_0)
FNDA:5,(anonymous_1)
DA:2,4
DA:4,4
DA:5,4
DA:7,4
DA:8,5
DA:9,5
DA:10,4
DA:12,1
LF:8
LH:8
BRDA:5,0,0,4
BRF:1
BRH:1
end_of_record
TN:
SF:src/controllers/order.controller.ts
FN:19,(anonymous_0)
FN:26,(anonymous_1)
FN:41,(anonymous_2)
FN:50,(anonymous_3)
FN:68,(anonymous_4)
FN:82,(anonymous_5)
FNF:6
FNH:6
FNDA:4,(anonymous_0)
FNDA:12,(anonymous_1)
FNDA:3,(anonymous_2)
FNDA:4,(anonymous_3)
FNDA:5,(anonymous_4)
FNDA:4,(anonymous_5)
DA:2,4
DA:3,4
DA:4,4
DA:5,4
DA:6,4
DA:18,4
DA:20,4
DA:21,4
DA:22,4
DA:23,4
DA:26,4
DA:27,12
DA:28,12
DA:29,11
DA:32,10
DA:37,2
DA:41,4
DA:42,3
DA:43,3
DA:44,2
DA:46,1
DA:50,4
DA:51,4
DA:52,4
DA:55,3
DA:64,1
DA:68,4
DA:69,5
DA:70,5
DA:71,5
DA:76,3
DA:78,2
DA:82,4
DA:83,4
DA:84,4
DA:85,4
DA:88,2
DA:96,2
LF:38
LH:38
BRDA:20,0,0,4
BRDA:21,1,0,4
BRDA:22,2,0,4
BRDA:23,3,0,4
BRDA:32,4,0,1
BRDA:32,4,1,9
BRDA:58,5,0,3
BRDA:58,5,1,0
BRDA:70,6,0,5
BRDA:70,6,1,0
BRF:10
BRH:8
end_of_record
TN:
SF:src/couriers/adapters/BaseCourierAdapter.ts
FN:22,(anonymous_0)
FN:34,(anonymous_1)
FN:53,(anonymous_2)
FN:57,(anonymous_3)
FN:66,(anonymous_4)
FN:83,(anonymous_5)
FN:84,(anonymous_6)
FN:134,(anonymous_7)
FN:142,(anonymous_8)
FN:156,(anonymous_9)
FNF:10
FNH:10
FNDA:30,(anonymous_0)
FNDA:81,(anonymous_1)
FNDA:35,(anonymous_2)
FNDA:81,(anonymous_3)
FNDA:79,(anonymous_4)
FNDA:65,(anonymous_5)
FNDA:44,(anonymous_6)
FNDA:65,(anonymous_7)
FNDA:11,(anonymous_8)
FNDA:8,(anonymous_9)
DA:3,8
DA:4,8
DA:5,8
DA:6,8
DA:16,8
DA:20,30
DA:23,30
DA:35,81
DA:36,27
DA:37,27
DA:38,27
DA:57,35
DA:58,81
DA:59,81
DA:64,35
DA:65,35
DA:67,79
DA:69,16
DA:70,2
DA:73,2
DA:74,2
DA:76,14
DA:83,65
DA:85,44
DA:96,21
DA:97,21
DA:98,0
DA:105,21
DA:112,14
DA:113,2
DA:117,2
DA:118,2
DA:119,2
DA:121,0
DA:126,2
DA:127,1
DA:131,13
DA:137,65
DA:138,65
DA:139,63
DA:143,11
DA:144,1
DA:145,0
DA:147,1
DA:157,8
LF:45
LH:42
BRDA:34,0,0,0
BRDA:35,1,0,54
BRDA:35,2,0,81
BRDA:35,2,1,54
BRDA:69,3,0,2
BRDA:97,4,0,0
BRDA:97,5,0,21
BRDA:97,5,1,0
BRDA:112,6,0,2
BRDA:126,7,0,1
BRDA:138,8,0,2
BRDA:138,9,0,65
BRDA:138,9,1,2
BRDA:143,10,0,10
BRDA:143,11,0,11
BRDA:143,11,1,11
BRDA:144,12,0,0
BRF:17
BRH:13
end_of_record
TN:
SF:src/couriers/adapters/MockCourierAdapter.ts
FN:30,(anonymous_0)
FN:40,(anonymous_1)
FN:45,(anonymous_2)
FN:51,(anonymous_3)
FN:81,(anonymous_4)
FN:86,(anonymous_5)
FN:93,(anonymous_6)
FN:120,(anonymous_7)
FN:122,(anonymous_8)
FN:158,(anonymous_9)
FN:168,(anonymous_10)
FNF:11
FNH:10
FNDA:19,(anonymous_0)
FNDA:15,(anonymous_1)
FNDA:17,(anonymous_2)
FNDA:47,(anonymous_3)
FNDA:3,(anonymous_4)
FNDA:9,(anonymous_5)
FNDA:0,(anonymous_6)
FNDA:3,(anonymous_7)
FNDA:9,(anonymous_8)
FNDA:15,(anonymous_9)
FNDA:3,(anonymous_10)
DA:1,7
DA:2,7
DA:3,7
DA:4,7
DA:13,7
DA:14,7
DA:15,7
DA:27,7
DA:28,19
DA:31,19
DA:42,15
DA:46,17
DA:47,17
DA:52,47
DA:55,2
DA:56,1
DA:63,1
DA:64,1
DA:74,16
DA:78,15
DA:82,3
DA:83,3
DA:87,9
DA:92,0
DA:93,0
DA:99,0
DA:105,0
DA:106,0
DA:114,3
DA:117,3
DA:121,3
DA:122,3
DA:123,9
DA:130,0
DA:131,0
DA:137,0
DA:138,0
DA:146,3
DA:149,3
DA:159,15
DA:160,15
DA:169,3
DA:170,3
DA:190,3
LF:44
LH:35
BRDA:32,0,0,19
BRDA:32,0,1,19
BRDA:55,1,0,1
BRDA:55,2,0,2
BRDA:55,2,1,2
BRDA:55,2,2,1
BRDA:63,3,0,1
BRDA:63,4,0,1
BRDA:63,4,1,1
BRDA:74,5,0,1
BRDA:74,6,0,16
BRDA:74,6,1,16
BRDA:92,7,0,0
BRDA:92,8,0,0
BRDA:92,8,1,0
BRDA:92,8,2,0
BRDA:93,9,0,0
BRDA:93,9,1,0
BRDA:95,10,0,0
BRDA:95,10,1,0
BRDA:96,11,0,0
BRDA:96,11,1,0
BRDA:105,12,0,0
BRDA:105,13,0,0
BRDA:105,13,1,0
BRDA:114,14,0,0
BRDA:114,15,0,3
BRDA:114,15,1,3
BRDA:125,16,0,9
BRDA:125,16,1,6
BRDA:130,17,0,0
BRDA:130,18,0,0
BRDA:130,18,1,0
BRDA:130,18,2,0
BRDA:137,19,0,0
BRDA:137,20,0,0
BRDA:137,20,1,0
BRDA:146,21,0,0
BRDA:146,22,0,3
BRDA:146,22,1,3
BRF:40
BRH:18
end_of_record
TN:
SF:src/couriers/adapters/UrbaneboltAdapter.ts
FN:77,(anonymous_0)
FN:86,(anonymous_1)
FN:121,(anonymous_2)
FN:125,(anonymous_3)
FN:153,(anonymous_4)
FN:154,(anonymous_5)
FN:162,(anonymous_6)
FN:183,(anonymous_7)
FN:184,(anonymous_8)
FN:209,(anonymous_9)
FNF:10
FNH:10
FNDA:11,(anonymous_0)
FNDA:12,(anonymous_1)
FNDA:8,(anonymous_2)
FNDA:12,(anonymous_3)
FNDA:3,(anonymous_4)
FNDA:3,(anonymous_5)
FNDA:6,(anonymous_6)
FNDA:1,(anonymous_7)
FNDA:1,(anonymous_8)
FNDA:8,(anonymous_9)
DA:2,7
DA:3,7
DA:4,7
DA:5,7
DA:6,7
DA:74,7
DA:75,11
DA:78,11
DA:87,12
DA:88,0
DA:93,12
DA:101,12
DA:102,0
DA:108,12
DA:110,12
DA:115,12
DA:116,0
DA:118,12
DA:122,8
DA:123,8
DA:126,12
DA:131,7
DA:132,6
DA:133,6
DA:134,6
DA:136,6
DA:137,0
DA:145,6
DA:154,3
DA:155,3
DA:160,3
DA:161,3
DA:162,6
DA:170,3
DA:172,3
DA:176,3
DA:184,1
DA:185,1
DA:196,1
DA:198,1
DA:202,1
DA:210,8
LF:42
LH:38
BRDA:79,0,0,11
BRDA:79,0,1,11
BRDA:87,1,0,0
BRDA:87,2,0,12
BRDA:87,2,1,12
BRDA:101,3,0,0
BRDA:101,4,0,12
BRDA:101,4,1,12
BRDA:108,5,0,12
BRDA:108,5,1,0
BRDA:110,6,0,12
BRDA:110,6,1,0
BRDA:110,6,2,0
BRDA:110,6,3,0
BRDA:115,7,0,0
BRDA:132,8,0,6
BRDA:132,8,1,0
BRDA:133,9,0,6
BRDA:133,9,1,0
BRDA:134,10,0,6
BRDA:134,10,1,0
BRDA:134,10,2,0
BRDA:136,11,0,0
BRDA:136,12,0,6
BRDA:136,12,1,6
BRDA:161,13,0,3
BRDA:161,13,1,0
BRDA:162,14,0,3
BRDA:162,14,1,0
BRDA:164,15,0,6
BRDA:164,15,1,6
BRDA:164,15,2,5
BRDA:165,16,0,6
BRDA:165,16,1,5
BRDA:166,17,0,6
BRDA:166,17,1,0
BRDA:166,17,2,0
BRDA:170,18,0,3
BRDA:170,18,1,0
BRDA:172,19,0,0
BRDA:172,19,1,3
BRDA:172,20,0,3
BRDA:172,20,1,2
BRDA:188,21,0,1
BRDA:188,21,1,0
BRDA:190,22,0,1
BRDA:190,22,1,1
BRDA:198,23,0,1
BRDA:198,23,1,1
BRDA:198,23,2,0
BRDA:199,24,0,1
BRDA:199,24,1,0
BRDA:200,25,0,0
BRDA:200,25,1,0
BRDA:212,26,0,8
BRDA:212,26,1,8
BRDA:214,27,0,8
BRDA:214,27,1,8
BRDA:243,28,0,8
BRDA:243,28,1,8
BRDA:246,29,0,8
BRDA:246,29,1,8
BRF:62
BRH:39
end_of_record
TN:
SF:src/couriers/factory/CourierFactory.ts
FN:23,(anonymous_0)
FN:28,(anonymous_1)
FN:42,(anonymous_2)
FN:47,(anonymous_3)
FN:52,(anonymous_4)
FN:58,(anonymous_5)
FN:64,registerBuiltIns
FNF:7
FNH:7
FNDA:25,(anonymous_0)
FNDA:27,(anonymous_1)
FNDA:1,(anonymous_2)
FNDA:20,(anonymous_3)
FNDA:6,(anonymous_4)
FNDA:52,(anonymous_5)
FNDA:12,registerBuiltIns
DA:2,6
DA:3,6
DA:4,6
DA:18,6
DA:19,6
DA:20,6
DA:24,25
DA:29,27
DA:30,27
DA:31,27
DA:33,18
DA:34,18
DA:36,17
DA:37,17
DA:38,17
DA:43,1
DA:48,20
DA:53,6
DA:54,6
DA:55,6
DA:59,52
DA:65,12
DA:66,12
DA:69,6
LF:24
LH:24
BRDA:31,0,0,9
BRDA:34,1,0,1
BRF:2
BRH:2
end_of_record
TN:
SF:src/couriers/statusMaps/mockStatusMap.ts
FN:12,mapMockStatus
FNF:1
FNH:1
FNDA:3,mapMockStatus
DA:1,8
DA:3,8
DA:12,8
DA:13,3
DA:14,3
DA:15,3
LF:6
LH:6
BRDA:13,0,0,0
BRDA:15,1,0,3
BRDA:15,1,1,0
BRF:3
BRH:1
end_of_record
TN:
SF:src/couriers/statusMaps/urbaneboltStatusMap.ts
FN:26,mapUrbaneboltStatus
FNF:1
FNH:1
FNDA:21,mapUrbaneboltStatus
DA:1,8
DA:7,8
DA:26,8
DA:27,21
DA:28,20
DA:29,20
LF:6
LH:6
BRDA:27,0,0,1
BRDA:29,1,0,20
BRDA:29,1,1,1
BRF:3
BRH:3
end_of_record
TN:
SF:src/errors/AppError.ts
FN:10,(anonymous_0)
FN:26,(anonymous_1)
FN:38,(anonymous_2)
FN:44,(anonymous_3)
FN:54,(anonymous_4)
FN:64,(anonymous_5)
FN:85,(anonymous_6)
FN:94,(anonymous_7)
FN:105,(anonymous_8)
FNF:9
FNH:9
FNDA:45,(anonymous_0)
FNDA:10,(anonymous_1)
FNDA:4,(anonymous_2)
FNDA:5,(anonymous_3)
FNDA:1,(anonymous_4)
FNDA:24,(anonymous_5)
FNDA:2,(anonymous_6)
FNDA:6,(anonymous_7)
FNDA:2,(anonymous_8)
DA:4,9
DA:17,45
DA:18,45
DA:19,45
DA:20,45
DA:21,45
DA:22,45
DA:23,45
DA:27,10
DA:37,9
DA:39,4
DA:43,9
DA:45,5
DA:53,9
DA:55,1
DA:59,9
DA:70,24
DA:76,24
DA:77,24
DA:78,24
DA:82,9
DA:86,2
DA:89,2
DA:93,9
DA:95,6
DA:104,9
DA:106,2
LF:27
LH:27
BRDA:12,0,0,0
BRDA:13,1,0,0
BRDA:15,2,0,45
BRDA:38,3,0,0
BRDA:46,4,0,5
BRDA:46,4,1,0
BRDA:54,5,0,1
BRDA:85,6,0,1
BRF:8
BRH:4
end_of_record
TN:
SF:src/middleware/errorMiddleware.ts
FN:7,errorMiddleware
FNF:1
FNH:1
FNDA:9,errorMiddleware
DA:2,4
DA:3,4
DA:4,4
DA:7,4
DA:14,9
DA:15,1
DA:16,1
DA:21,1
DA:22,1
DA:25,8
DA:26,8
DA:27,0
DA:35,8
DA:42,8
DA:43,8
DA:46,0
DA:53,0
LF:17
LH:14
BRDA:14,0,0,1
BRDA:25,1,0,8
BRDA:26,2,0,0
BRDA:26,2,1,8
BRF:4
BRH:3
end_of_record
TN:
SF:src/middleware/loggingMiddleware.ts
FN:4,loggingMiddleware
FN:7,(anonymous_1)
FNF:2
FNH:2
FNDA:33,loggingMiddleware
FNDA:33,(anonymous_1)
DA:2,4
DA:4,4
DA:5,33
DA:7,33
DA:8,33
DA:9,33
DA:17,33
DA:18,0
DA:19,33
DA:20,9
DA:22,24
DA:26,33
LF:12
LH:11
BRDA:17,0,0,0
BRDA:17,0,1,33
BRDA:19,1,0,9
BRDA:19,1,1,24
BRF:4
BRH:3
end_of_record
TN:
SF:src/middleware/requestIdMiddleware.ts
FN:10,requestIdMiddleware
FNF:1
FNH:1
FNDA:33,requestIdMiddleware
DA:2,4
DA:10,4
DA:11,33
DA:12,33
DA:13,33
DA:14,33
DA:15,33
LF:7
LH:7
BRDA:12,0,0,0
BRDA:12,0,1,33
BRDA:12,1,0,33
BRDA:12,1,1,0
BRF:4
BRH:2
end_of_record
TN:
SF:src/queue/bulkQueue.ts
FN:15,getBulkConnectionOptions
FN:26,getBulkQueue
FN:40,closeBulkQueue
FNF:3
FNH:3
FNDA:2,getBulkConnectionOptions
FNDA:3,getBulkQueue
FNDA:1,closeBulkQueue
DA:1,4
DA:2,4
DA:11,4
DA:13,4
DA:15,4
DA:16,2
DA:24,4
DA:26,4
DA:27,3
DA:28,1
DA:37,1
DA:40,4
DA:41,1
DA:42,1
DA:43,1
LF:15
LH:15
BRDA:19,0,0,2
BRDA:19,0,1,2
BRDA:27,1,0,2
BRDA:41,2,0,1
BRF:4
BRH:4
end_of_record
TN:
SF:src/queue/bulkWorker.ts
FN:21,startBulkWorker
FN:28,(anonymous_1)
FN:66,(anonymous_2)
FN:74,(anonymous_3)
FN:79,stopBulkWorker
FN:93,appendBulkResultAtomic
FNF:6
FNH:5
FNDA:1,startBulkWorker
FNDA:6,(anonymous_1)
FNDA:0,(anonymous_2)
FNDA:1,(anonymous_3)
FNDA:1,stopBulkWorker
FNDA:6,appendBulkResultAtomic
DA:1,1
DA:2,1
DA:3,1
DA:4,1
DA:5,1
DA:6,1
DA:8,1
DA:19,1
DA:21,1
DA:22,1
DA:24,1
DA:26,1
DA:29,6
DA:31,6
DA:32,6
DA:33,5
DA:40,1
DA:41,1
DA:47,1
DA:56,6
DA:57,6
DA:66,1
DA:67,0
DA:74,1
DA:76,1
DA:79,1
DA:80,1
DA:81,1
DA:82,1
DA:94,6
DA:95,6
DA:97,6
DA:111,6
DA:112,0
DA:113,0
DA:116,6
DA:117,6
DA:118,6
DA:121,2
DA:127,2
LF:40
LH:37
BRDA:22,0,0,0
BRDA:36,1,0,5
BRDA:36,1,1,0
BRDA:37,2,0,5
BRDA:37,2,1,0
BRDA:44,3,0,1
BRDA:44,3,1,0
BRDA:45,4,0,1
BRDA:45,4,1,0
BRDA:80,5,0,1
BRDA:94,6,0,5
BRDA:94,6,1,1
BRDA:95,7,0,1
BRDA:95,7,1,5
BRDA:111,8,0,0
BRDA:118,9,0,4
BRDA:121,10,0,1
BRDA:121,10,1,1
BRDA:123,11,0,0
BRDA:123,11,1,1
BRF:20
BRH:13
end_of_record
TN:
SF:src/repositories/BatchRepository.ts
FN:7,(anonymous_0)
FN:11,(anonymous_1)
FN:15,(anonymous_2)
FN:19,(anonymous_3)
FN:23,(anonymous_4)
FN:27,(anonymous_5)
FNF:6
FNH:5
FNDA:9,(anonymous_0)
FNDA:3,(anonymous_1)
FNDA:6,(anonymous_2)
FNDA:0,(anonymous_3)
FNDA:3,(anonymous_4)
FNDA:1,(anonymous_5)
DA:2,5
DA:4,5
DA:8,9
DA:12,3
DA:16,6
DA:20,0
DA:24,3
DA:32,1
LF:8
LH:7
BRDA:7,0,0,9
BRF:1
BRH:1
end_of_record
TN:
SF:src/repositories/CourierRepository.ts
FN:7,(anonymous_0)
FN:11,(anonymous_1)
FN:15,(anonymous_2)
FNF:3
FNH:3
FNDA:8,(anonymous_0)
FNDA:19,(anonymous_1)
FNDA:1,(anonymous_2)
DA:2,6
DA:4,6
DA:8,8
DA:12,19
DA:16,1
LF:5
LH:5
BRDA:7,0,0,8
BRF:1
BRH:1
end_of_record
TN:
SF:src/repositories/OrderRepository.ts
FN:10,(anonymous_0)
FN:14,(anonymous_1)
FN:18,(anonymous_2)
FN:22,(anonymous_3)
FN:29,(anonymous_4)
FN:33,(anonymous_5)
FN:37,(anonymous_6)
FN:41,(anonymous_7)
FNF:8
FNH:5
FNDA:15,(anonymous_0)
FNDA:27,(anonymous_1)
FNDA:0,(anonymous_2)
FNDA:3,(anonymous_3)
FNDA:16,(anonymous_4)
FNDA:0,(anonymous_5)
FNDA:6,(anonymous_6)
FNDA:0,(anonymous_7)
DA:2,6
DA:7,6
DA:11,15
DA:15,27
DA:19,0
DA:23,3
DA:30,16
DA:34,0
DA:38,6
DA:42,0
LF:10
LH:7
BRDA:10,0,0,15
BRF:1
BRH:1
end_of_record
TN:
SF:src/repositories/TrackingRepository.ts
FN:10,(anonymous_0)
FN:14,(anonymous_1)
FN:18,(anonymous_2)
FN:23,(anonymous_3)
FN:30,(anonymous_4)
FNF:5
FNH:4
FNDA:14,(anonymous_0)
FNDA:27,(anonymous_1)
FNDA:0,(anonymous_2)
FNDA:7,(anonymous_3)
FNDA:1,(anonymous_4)
DA:2,6
DA:7,6
DA:11,14
DA:15,27
DA:19,0
DA:20,0
DA:24,7
DA:31,1
LF:8
LH:6
BRDA:10,0,0,14
BRDA:19,1,0,0
BRF:2
BRH:1
end_of_record
TN:
SF:src/repositories/prismaClient.ts
FN:11,(anonymous_0)
FN:21,(anonymous_1)
FN:23,(anonymous_2)
FN:28,(anonymous_3)
FN:37,(anonymous_4)
FNF:5
FNH:1
FNDA:6,(anonymous_0)
FNDA:0,(anonymous_1)
FNDA:0,(anonymous_2)
FNDA:0,(anonymous_3)
FNDA:0,(anonymous_4)
DA:1,6
DA:2,6
DA:9,6
DA:12,6
DA:13,6
DA:21,6
DA:23,6
DA:25,6
DA:29,0
DA:30,0
DA:31,0
DA:36,6
DA:37,6
LF:13
LH:10
BRDA:12,0,0,6
BRDA:29,1,0,0
BRF:2
BRH:1
end_of_record
TN:
SF:src/routes/batch.routes.ts
FNF:0
FNH:0
DA:1,4
DA:2,4
DA:4,4
DA:5,4
DA:7,4
DA:9,4
LF:6
LH:6
BRF:0
BRH:0
end_of_record
TN:
SF:src/routes/order.routes.ts
FNF:0
FNH:0
DA:1,4
DA:2,4
DA:4,4
DA:5,4
DA:7,4
DA:8,4
DA:9,4
DA:10,4
DA:11,4
DA:13,4
LF:10
LH:10
BRF:0
BRH:0
end_of_record
TN:
SF:src/services/BatchJobService.ts
FN:11,(anonymous_0)
FN:16,(anonymous_1)
FN:64,(anonymous_2)
FNF:3
FNH:3
FNDA:8,(anonymous_0)
FNDA:4,(anonymous_1)
FNDA:5,(anonymous_2)
DA:1,4
DA:2,4
DA:3,4
DA:4,4
DA:6,4
DA:7,4
DA:8,4
DA:10,4
DA:12,8
DA:13,8
DA:17,4
DA:18,0
DA:20,4
DA:21,1
DA:27,3
DA:28,3
DA:29,8
DA:30,1
DA:32,7
DA:35,2
DA:36,2
DA:43,2
DA:44,2
DA:45,6
DA:53,2
DA:55,2
DA:61,2
DA:65,5
DA:66,5
DA:67,4
LF:30
LH:29
BRDA:12,0,0,8
BRDA:13,1,0,8
BRDA:16,2,0,0
BRDA:17,3,0,0
BRDA:20,4,0,1
BRDA:29,5,0,1
BRDA:66,6,0,1
BRF:7
BRH:5
end_of_record
TN:
SF:src/services/CancellationService.ts
FN:11,(anonymous_0)
FN:17,(anonymous_1)
FNF:2
FNH:2
FNDA:4,(anonymous_0)
FNDA:5,(anonymous_1)
DA:1,4
DA:2,4
DA:3,4
DA:4,4
DA:5,4
DA:6,4
DA:7,4
DA:8,4
DA:10,4
DA:12,4
DA:13,4
DA:14,4
DA:18,5
DA:19,5
DA:21,4
DA:22,1
DA:25,3
DA:26,1
DA:32,2
DA:33,2
DA:35,2
DA:36,2
DA:37,0
DA:43,2
DA:44,2
DA:49,2
DA:56,2
DA:57,2
DA:66,2
LF:29
LH:28
BRDA:12,0,0,4
BRDA:13,1,0,4
BRDA:14,2,0,4
BRDA:17,3,0,0
BRDA:19,4,0,1
BRDA:21,5,0,1
BRDA:25,6,0,1
BRDA:33,7,0,0
BRDA:36,8,0,0
BRDA:60,9,0,2
BRDA:60,9,1,1
BRF:11
BRH:8
end_of_record
TN:
SF:src/services/OrderService.ts
FN:17,(anonymous_0)
FN:28,(anonymous_1)
FN:89,(anonymous_2)
FNF:3
FNH:3
FNDA:9,(anonymous_0)
FNDA:21,(anonymous_1)
FNDA:3,(anonymous_2)
DA:2,5
DA:3,5
DA:4,5
DA:5,5
DA:7,5
DA:8,5
DA:16,5
DA:18,9
DA:19,9
DA:20,9
DA:21,9
DA:32,21
DA:33,21
DA:34,2
DA:38,2
DA:41,19
DA:42,19
DA:43,4
DA:46,15
DA:47,15
DA:57,15
DA:58,15
DA:59,15
DA:66,15
DA:77,15
DA:86,15
DA:90,3
DA:91,3
DA:92,2
LF:29
LH:29
BRDA:18,0,0,5
BRDA:19,1,0,5
BRDA:20,2,0,5
BRDA:21,3,0,5
BRDA:30,4,0,4
BRDA:33,5,0,2
BRDA:42,6,0,4
BRDA:42,7,0,19
BRDA:42,7,1,16
BRDA:91,8,0,1
BRF:10
BRH:10
end_of_record
TN:
SF:src/services/TrackingService.ts
FN:10,(anonymous_0)
FN:16,(anonymous_1)
FN:43,(anonymous_2)
FNF:3
FNH:3
FNDA:4,(anonymous_0)
FNDA:4,(anonymous_1)
FNDA:3,(anonymous_2)
DA:2,4
DA:3,4
DA:4,4
DA:5,4
DA:6,4
DA:7,4
DA:9,4
DA:11,4
DA:12,4
DA:13,4
DA:17,4
DA:18,4
DA:20,3
DA:21,3
DA:23,3
DA:24,0
DA:25,0
DA:28,3
DA:29,3
DA:30,3
DA:34,3
DA:42,3
DA:43,3
DA:45,3
DA:46,9
DA:47,9
DA:48,9
DA:49,9
DA:59,3
DA:60,3
DA:61,3
DA:64,3
DA:65,3
LF:33
LH:31
BRDA:11,0,0,4
BRDA:12,1,0,4
BRDA:13,2,0,4
BRDA:16,3,0,0
BRDA:18,4,0,1
BRDA:21,5,0,0
BRDA:23,6,0,0
BRDA:32,7,0,3
BRDA:32,7,1,0
BRDA:47,8,0,0
BRDA:55,9,0,9
BRDA:55,9,1,6
BRDA:60,10,0,3
BRF:13
BRH:8
end_of_record
TN:
SF:src/utils/httpClient.ts
FN:17,(anonymous_1)
FN:26,(anonymous_2)
FN:30,(anonymous_3)
FN:53,(anonymous_4)
FN:57,(anonymous_5)
FN:61,(anonymous_6)
FN:65,(anonymous_7)
FNF:7
FNH:5
FNDA:30,(anonymous_1)
FNDA:30,(anonymous_2)
FNDA:93,(anonymous_3)
FNDA:12,(anonymous_4)
FNDA:81,(anonymous_5)
FNDA:0,(anonymous_6)
FNDA:0,(anonymous_7)
DA:1,8
DA:2,8
DA:14,8
DA:18,30
DA:26,30
DA:31,93
DA:32,93
DA:33,93
DA:34,30
DA:40,30
DA:42,63
DA:43,63
DA:49,63
DA:54,12
DA:58,81
DA:62,0
DA:66,0
LF:17
LH:15
BRDA:20,0,0,30
BRDA:20,0,1,30
BRDA:24,1,0,30
BRDA:24,1,1,11
BRF:4
BRH:4
end_of_record
TN:
SF:src/utils/retry.ts
FN:19,sleep
FN:20,(anonymous_1)
FN:27,withRetry
FNF:3
FNH:3
FNDA:50,sleep
FNDA:50,(anonymous_1)
FNDA:40,withRetry
DA:1,9
DA:12,9
DA:20,50
DA:27,9
DA:31,40
DA:33,40
DA:36,40
DA:37,90
DA:38,90
DA:39,90
DA:41,73
DA:42,73
DA:43,73
DA:44,23
DA:48,50
DA:49,50
DA:51,50
DA:52,50
DA:59,50
DA:63,0
LF:20
LH:19
BRDA:29,0,0,0
BRDA:42,1,0,66
BRDA:42,1,1,7
BRDA:43,2,0,23
BRDA:43,3,0,73
BRDA:43,3,1,72
BRDA:56,4,0,50
BRDA:56,4,1,0
BRF:8
BRH:6
end_of_record
TN:
SF:src/utils/statusEnum.ts
FN:3,(anonymous_0)
FN:11,isTerminalStatus
FN:15,canCancel
FNF:3
FNH:2
FNDA:0,(anonymous_0)
FNDA:14,isTerminalStatus
FNDA:9,canCancel
DA:1,5
DA:3,5
DA:5,5
DA:11,5
DA:12,14
DA:15,5
DA:16,9
LF:7
LH:7
BRDA:16,0,0,9
BRDA:16,0,1,6
BRF:2
BRH:2
end_of_record
TN:
SF:src/validators/order.validator.ts
FN:31,(anonymous_0)
FNF:1
FNH:1
FNDA:120,(anonymous_0)
DA:1,4
DA:3,4
DA:15,4
DA:25,4
DA:31,120
DA:35,4
DA:47,4
DA:52,4
DA:57,4
LF:9
LH:9
BRDA:31,0,0,120
BRDA:31,0,1,0
BRDA:31,0,2,0
BRF:3
BRH:1
end_of_record
